2024-04-28 14:54:00.813 INFO  (main) [   ] o.e.j.u.log Logging initialized @1190ms to org.eclipse.jetty.util.log.Slf4jLog
2024-04-28 14:54:00.939 WARN  (main) [   ] o.e.j.x.XmlConfiguration Deprecated method public void org.eclipse.jetty.rewrite.handler.RedirectRegexRule.setReplacement(java.lang.String) in file:///home/charlotte/Bureau/projet_TAL_RI/projet_TAL/partie_2_RI/solr-8.3.0/server/etc/jetty.xml
2024-04-28 14:54:01.059 WARN  (main) [   ] o.e.j.s.AbstractConnector Ignoring deprecated socket close linger time
2024-04-28 14:54:01.059 WARN  (main) [   ] o.e.j.x.XmlConfiguration Deprecated method public void org.eclipse.jetty.server.ServerConnector.setSoLingerTime(int) in file:///home/charlotte/Bureau/projet_TAL_RI/projet_TAL/partie_2_RI/solr-8.3.0/server/etc/jetty-http.xml
2024-04-28 14:54:01.077 INFO  (main) [   ] o.e.j.s.Server jetty-9.4.19.v20190610; built: 2019-06-10T16:30:51.723Z; git: afcf563148970e98786327af5e07c261fda175d3; jvm 11.0.22+7-post-Ubuntu-0ubuntu222.04.1
2024-04-28 14:54:01.095 INFO  (main) [   ] o.e.j.d.p.ScanningAppProvider Deployment monitor [file:///home/charlotte/Bureau/projet_TAL_RI/projet_TAL/partie_2_RI/solr-8.3.0/server/contexts/] at interval 0
2024-04-28 14:54:01.464 INFO  (main) [   ] o.e.j.w.StandardDescriptorProcessor NO JSP Support for /solr, did not find org.apache.jasper.servlet.JspServlet
2024-04-28 14:54:01.474 INFO  (main) [   ] o.e.j.s.session DefaultSessionIdManager workerName=node0
2024-04-28 14:54:01.474 INFO  (main) [   ] o.e.j.s.session No SessionScavenger set, using defaults
2024-04-28 14:54:01.476 INFO  (main) [   ] o.e.j.s.session node0 Scavenging every 600000ms
2024-04-28 14:54:01.601 INFO  (main) [   ] o.a.s.s.SolrDispatchFilter Using logger factory org.apache.logging.slf4j.Log4jLoggerFactory
2024-04-28 14:54:01.614 INFO  (main) [   ] o.a.s.s.SolrDispatchFilter  ___      _       Welcome to Apache Solr™ version 8.3.0
2024-04-28 14:54:01.614 INFO  (main) [   ] o.a.s.s.SolrDispatchFilter / __| ___| |_ _   Starting in standalone mode on port 8983
2024-04-28 14:54:01.614 INFO  (main) [   ] o.a.s.s.SolrDispatchFilter \__ \/ _ \ | '_|  Install dir: /home/charlotte/Bureau/projet_TAL_RI/projet_TAL/partie_2_RI/solr
2024-04-28 14:54:01.615 INFO  (main) [   ] o.a.s.s.SolrDispatchFilter |___/\___/_|_|    Start time: 2024-04-28T14:54:01.615176Z
2024-04-28 14:54:01.688 INFO  (main) [   ] o.a.s.c.SolrResourceLoader Using system property solr.solr.home: /home/charlotte/Bureau/projet_TAL_RI/projet_TAL/partie_2_RI/solr/server/solr
2024-04-28 14:54:01.695 INFO  (main) [   ] o.a.s.c.SolrXmlConfig Loading container configuration from /home/charlotte/Bureau/projet_TAL_RI/projet_TAL/partie_2_RI/solr/server/solr/solr.xml
2024-04-28 14:54:01.778 INFO  (main) [   ] o.a.s.c.SolrXmlConfig MBean server found: com.sun.jmx.mbeanserver.JmxMBeanServer@771a660, but no JMX reporters were configured - adding default JMX reporter.
2024-04-28 14:54:02.402 INFO  (main) [   ] o.a.s.h.c.HttpShardHandlerFactory Host whitelist initialized: WhitelistHostChecker [whitelistHosts=null, whitelistHostCheckingEnabled=true]
2024-04-28 14:54:02.724 WARN  (main) [   ] o.e.j.u.s.S.config Trusting all certificates configured for Client@3af356f[provider=null,keyStore=null,trustStore=null]
2024-04-28 14:54:02.724 WARN  (main) [   ] o.e.j.u.s.S.config No Client EndPointIdentificationAlgorithm configured for Client@3af356f[provider=null,keyStore=null,trustStore=null]
2024-04-28 14:54:02.942 WARN  (main) [   ] o.e.j.u.s.S.config Trusting all certificates configured for Client@68dcfd52[provider=null,keyStore=null,trustStore=null]
2024-04-28 14:54:02.942 WARN  (main) [   ] o.e.j.u.s.S.config No Client EndPointIdentificationAlgorithm configured for Client@68dcfd52[provider=null,keyStore=null,trustStore=null]
2024-04-28 14:54:03.110 INFO  (main) [   ] o.a.s.c.TransientSolrCoreCacheDefault Allocating transient cache for 2147483647 transient cores
2024-04-28 14:54:03.117 INFO  (main) [   ] o.a.s.h.a.MetricsHistoryHandler No .system collection, keeping metrics history in memory.
2024-04-28 14:54:03.227 INFO  (main) [   ] o.a.s.m.r.SolrJmxReporter JMX monitoring for 'solr.node' (registry 'solr.node') enabled at server: com.sun.jmx.mbeanserver.JmxMBeanServer@771a660
2024-04-28 14:54:03.227 INFO  (main) [   ] o.a.s.m.r.SolrJmxReporter JMX monitoring for 'solr.jvm' (registry 'solr.jvm') enabled at server: com.sun.jmx.mbeanserver.JmxMBeanServer@771a660
2024-04-28 14:54:03.247 INFO  (main) [   ] o.a.s.m.r.SolrJmxReporter JMX monitoring for 'solr.jetty' (registry 'solr.jetty') enabled at server: com.sun.jmx.mbeanserver.JmxMBeanServer@771a660
2024-04-28 14:54:03.318 INFO  (main) [   ] o.a.s.c.CorePropertiesLocator Found 1 core definitions underneath /home/charlotte/Bureau/projet_TAL_RI/projet_TAL/partie_2_RI/solr/server/solr
2024-04-28 14:54:03.319 INFO  (main) [   ] o.a.s.c.CorePropertiesLocator Cores are: [presse]
2024-04-28 14:54:03.419 INFO  (main) [   ] o.e.j.s.h.ContextHandler Started o.e.j.w.WebAppContext@62f68dff{/solr,file:///home/charlotte/Bureau/projet_TAL_RI/projet_TAL/partie_2_RI/solr-8.3.0/server/solr-webapp/webapp/,AVAILABLE}{/home/charlotte/Bureau/projet_TAL_RI/projet_TAL/partie_2_RI/solr-8.3.0/server/solr-webapp/webapp}
2024-04-28 14:54:03.437 INFO  (main) [   ] o.e.j.s.AbstractConnector Started ServerConnector@5443d039{HTTP/1.1,[http/1.1, h2c]}{0.0.0.0:8983}
2024-04-28 14:54:03.438 INFO  (main) [   ] o.e.j.s.Server Started @3819ms
2024-04-28 14:54:03.474 INFO  (coreLoadExecutor-9-thread-1) [   x:presse] o.a.s.c.SolrResourceLoader [presse] Added 61 libs to classloader, from paths: [/home/charlotte/Bureau/projet_TAL_RI/projet_TAL/partie_2_RI/solr/contrib/clustering/lib, /home/charlotte/Bureau/projet_TAL_RI/projet_TAL/partie_2_RI/solr/contrib/extraction/lib, /home/charlotte/Bureau/projet_TAL_RI/projet_TAL/partie_2_RI/solr/contrib/langid/lib, /home/charlotte/Bureau/projet_TAL_RI/projet_TAL/partie_2_RI/solr/contrib/velocity/lib, /home/charlotte/Bureau/projet_TAL_RI/projet_TAL/partie_2_RI/solr/dist]
2024-04-28 14:54:03.581 INFO  (qtp1789452565-46) [   ] o.a.s.s.HttpSolrCall [admin] webapp=null path=/admin/cores params={indexInfo=false&wt=json&_=1714315817730} status=0 QTime=29
2024-04-28 14:54:03.627 INFO  (qtp1789452565-51) [   ] o.a.s.s.HttpSolrCall [admin] webapp=null path=/admin/info/system params={wt=json&_=1714315817730} status=0 QTime=75
2024-04-28 14:54:03.850 INFO  (coreLoadExecutor-9-thread-1) [   x:presse] o.a.s.c.SolrConfig Using Lucene MatchVersion: 8.3.0
2024-04-28 14:54:04.086 INFO  (coreLoadExecutor-9-thread-1) [   x:presse] o.a.s.s.IndexSchema [presse] Schema name=default-config
2024-04-28 14:54:04.659 INFO  (coreLoadExecutor-9-thread-1) [   x:presse] o.a.s.s.IndexSchema Loaded schema default-config/1.6 with uniqueid field id
2024-04-28 14:54:04.760 INFO  (coreLoadExecutor-9-thread-1) [   x:presse] o.a.s.c.CoreContainer Creating SolrCore 'presse' using configuration from instancedir /home/charlotte/Bureau/projet_TAL_RI/projet_TAL/partie_2_RI/solr/server/solr/presse, trusted=true
2024-04-28 14:54:04.766 INFO  (coreLoadExecutor-9-thread-1) [   x:presse] o.a.s.m.r.SolrJmxReporter JMX monitoring for 'solr.core.presse' (registry 'solr.core.presse') enabled at server: com.sun.jmx.mbeanserver.JmxMBeanServer@771a660
2024-04-28 14:54:04.779 INFO  (coreLoadExecutor-9-thread-1) [   x:presse] o.a.s.c.SolrCore [[presse] ] Opening new SolrCore at [/home/charlotte/Bureau/projet_TAL_RI/projet_TAL/partie_2_RI/solr/server/solr/presse], dataDir=[/home/charlotte/Bureau/projet_TAL_RI/projet_TAL/partie_2_RI/solr/server/solr/presse/data/]
2024-04-28 14:54:04.840 INFO  (coreLoadExecutor-9-thread-1) [   x:presse] o.a.s.r.XSLTResponseWriter xsltCacheLifetimeSeconds=5
2024-04-28 14:54:05.534 INFO  (coreLoadExecutor-9-thread-1) [   x:presse] o.a.s.u.UpdateHandler Using UpdateLog implementation: org.apache.solr.update.UpdateLog
2024-04-28 14:54:05.534 INFO  (coreLoadExecutor-9-thread-1) [   x:presse] o.a.s.u.UpdateLog Initializing UpdateLog: dataDir= defaultSyncLevel=FLUSH numRecordsToKeep=100 maxNumLogsToKeep=10 numVersionBuckets=65536
2024-04-28 14:54:05.563 INFO  (coreLoadExecutor-9-thread-1) [   x:presse] o.a.s.u.CommitTracker Hard AutoCommit: if uncommitted for 15000ms; 
2024-04-28 14:54:05.563 INFO  (coreLoadExecutor-9-thread-1) [   x:presse] o.a.s.u.CommitTracker Soft AutoCommit: disabled
2024-04-28 14:54:05.661 INFO  (coreLoadExecutor-9-thread-1) [   x:presse] o.a.s.s.SolrIndexSearcher Opening [Searcher@35543be0[presse] main]
2024-04-28 14:54:05.673 INFO  (coreLoadExecutor-9-thread-1) [   x:presse] o.a.s.r.ManagedResourceStorage File-based storage initialized to use dir: /home/charlotte/Bureau/projet_TAL_RI/projet_TAL/partie_2_RI/solr/server/solr/presse/conf
2024-04-28 14:54:05.775 INFO  (coreLoadExecutor-9-thread-1) [   x:presse] o.a.s.h.c.SpellCheckComponent Initializing spell checkers
2024-04-28 14:54:05.781 INFO  (coreLoadExecutor-9-thread-1) [   x:presse] o.a.s.s.DirectSolrSpellChecker init: {name=default,field=_text_,classname=solr.DirectSolrSpellChecker,distanceMeasure=internal,accuracy=0.5,maxEdits=2,minPrefix=1,maxInspections=5,minQueryLength=4,maxQueryFrequency=0.01}
2024-04-28 14:54:05.791 INFO  (coreLoadExecutor-9-thread-1) [   x:presse] o.a.s.h.ReplicationHandler Commits will be reserved for 10000ms.
2024-04-28 14:54:05.809 INFO  (searcherExecutor-10-thread-1-processing-x:presse) [   x:presse] o.a.s.c.QuerySenderListener QuerySenderListener sending requests to Searcher@35543be0[presse] main{ExitableDirectoryReader(UninvertingDirectoryReader(Uninverting(_d(8.3.0):C1476:[diagnostics={java.vendor=Ubuntu, os=Linux, java.version=11.0.22, java.vm.version=11.0.22+7-post-Ubuntu-0ubuntu222.04.1, lucene.version=8.3.0, os.arch=amd64, java.runtime.version=11.0.22+7-post-Ubuntu-0ubuntu222.04.1, source=flush, os.version=6.5.0-28-generic, timestamp=1714315344908}]:[attributes={Lucene50StoredFieldsFormat.mode=BEST_SPEED}])))}
2024-04-28 14:54:05.809 INFO  (searcherExecutor-10-thread-1-processing-x:presse) [   x:presse] o.a.s.c.QuerySenderListener QuerySenderListener done.
2024-04-28 14:54:05.809 INFO  (searcherExecutor-10-thread-1-processing-x:presse) [   x:presse] o.a.s.h.c.SpellCheckComponent Loading spell index for spellchecker: default
2024-04-28 14:54:05.815 INFO  (searcherExecutor-10-thread-1-processing-x:presse) [   x:presse] o.a.s.c.SolrCore [presse] Registered new searcher Searcher@35543be0[presse] main{ExitableDirectoryReader(UninvertingDirectoryReader(Uninverting(_d(8.3.0):C1476:[diagnostics={java.vendor=Ubuntu, os=Linux, java.version=11.0.22, java.vm.version=11.0.22+7-post-Ubuntu-0ubuntu222.04.1, lucene.version=8.3.0, os.arch=amd64, java.runtime.version=11.0.22+7-post-Ubuntu-0ubuntu222.04.1, source=flush, os.version=6.5.0-28-generic, timestamp=1714315344908}]:[attributes={Lucene50StoredFieldsFormat.mode=BEST_SPEED}])))}
2024-04-28 14:54:10.458 INFO  (qtp1789452565-30) [   x:presse] o.a.s.c.SolrResourceLoader Written confile configoverlay.json
2024-04-28 14:54:10.468 INFO  (qtp1789452565-30) [   x:presse] o.a.s.c.SolrResourceLoader [presse] Added 61 libs to classloader, from paths: [/home/charlotte/Bureau/projet_TAL_RI/projet_TAL/partie_2_RI/solr/contrib/clustering/lib, /home/charlotte/Bureau/projet_TAL_RI/projet_TAL/partie_2_RI/solr/contrib/extraction/lib, /home/charlotte/Bureau/projet_TAL_RI/projet_TAL/partie_2_RI/solr/contrib/langid/lib, /home/charlotte/Bureau/projet_TAL_RI/projet_TAL/partie_2_RI/solr/contrib/velocity/lib, /home/charlotte/Bureau/projet_TAL_RI/projet_TAL/partie_2_RI/solr/dist]
2024-04-28 14:54:10.484 INFO  (qtp1789452565-30) [   x:presse] o.a.s.c.SolrConfig Using Lucene MatchVersion: 8.3.0
2024-04-28 14:54:10.506 INFO  (qtp1789452565-30) [   x:presse] o.a.s.s.IndexSchema [presse] Schema name=default-config
2024-04-28 14:54:10.567 INFO  (qtp1789452565-30) [   x:presse] o.a.s.s.IndexSchema Loaded schema default-config/1.6 with uniqueid field id
2024-04-28 14:54:10.576 INFO  (qtp1789452565-30) [   x:presse] o.a.s.c.CoreContainer Reloading SolrCore 'presse' using configuration from instancedir /home/charlotte/Bureau/projet_TAL_RI/projet_TAL/partie_2_RI/solr/server/solr/presse
2024-04-28 14:54:10.584 INFO  (qtp1789452565-30) [   x:presse] o.a.s.m.r.SolrJmxReporter JMX monitoring for 'solr.core.presse' (registry 'solr.core.presse') enabled at server: com.sun.jmx.mbeanserver.JmxMBeanServer@771a660
2024-04-28 14:54:10.584 INFO  (qtp1789452565-30) [   x:presse] o.a.s.c.SolrCore [[presse] ] Opening new SolrCore at [/home/charlotte/Bureau/projet_TAL_RI/projet_TAL/partie_2_RI/solr/server/solr/presse], dataDir=[/home/charlotte/Bureau/projet_TAL_RI/projet_TAL/partie_2_RI/solr/server/solr/presse/data/]
2024-04-28 14:54:10.587 INFO  (qtp1789452565-30) [   x:presse] o.a.s.r.XSLTResponseWriter xsltCacheLifetimeSeconds=5
2024-04-28 14:54:10.607 INFO  (qtp1789452565-30) [   x:presse] o.a.s.u.CommitTracker Hard AutoCommit: if uncommitted for 15000ms; 
2024-04-28 14:54:10.608 INFO  (qtp1789452565-30) [   x:presse] o.a.s.u.CommitTracker Soft AutoCommit: disabled
2024-04-28 14:54:10.610 INFO  (qtp1789452565-30) [   x:presse] o.a.s.s.SolrIndexSearcher Opening [Searcher@2776f3f5[presse] main]
2024-04-28 14:54:10.611 INFO  (qtp1789452565-30) [   x:presse] o.a.s.r.ManagedResourceStorage File-based storage initialized to use dir: /home/charlotte/Bureau/projet_TAL_RI/projet_TAL/partie_2_RI/solr/server/solr/presse/conf
2024-04-28 14:54:10.611 INFO  (qtp1789452565-30) [   x:presse] o.a.s.h.c.SpellCheckComponent Initializing spell checkers
2024-04-28 14:54:10.611 INFO  (qtp1789452565-30) [   x:presse] o.a.s.s.DirectSolrSpellChecker init: {name=default,field=_text_,classname=solr.DirectSolrSpellChecker,distanceMeasure=internal,accuracy=0.5,maxEdits=2,minPrefix=1,maxInspections=5,minQueryLength=4,maxQueryFrequency=0.01}
2024-04-28 14:54:10.612 INFO  (qtp1789452565-30) [   x:presse] o.a.s.h.ReplicationHandler Commits will be reserved for 10000ms.
2024-04-28 14:54:10.617 INFO  (searcherExecutor-15-thread-1-processing-x:presse) [   x:presse] o.a.s.c.QuerySenderListener QuerySenderListener sending requests to Searcher@2776f3f5[presse] main{ExitableDirectoryReader(UninvertingDirectoryReader(Uninverting(_d(8.3.0):C1476:[diagnostics={java.vendor=Ubuntu, os=Linux, java.version=11.0.22, java.vm.version=11.0.22+7-post-Ubuntu-0ubuntu222.04.1, lucene.version=8.3.0, os.arch=amd64, java.runtime.version=11.0.22+7-post-Ubuntu-0ubuntu222.04.1, source=flush, os.version=6.5.0-28-generic, timestamp=1714315344908}]:[attributes={Lucene50StoredFieldsFormat.mode=BEST_SPEED}])))}
2024-04-28 14:54:10.617 INFO  (searcherExecutor-15-thread-1-processing-x:presse) [   x:presse] o.a.s.c.QuerySenderListener QuerySenderListener done.
2024-04-28 14:54:10.617 INFO  (searcherExecutor-15-thread-1-processing-x:presse) [   x:presse] o.a.s.h.c.SpellCheckComponent Loading spell index for spellchecker: default
2024-04-28 14:54:10.622 INFO  (searcherExecutor-15-thread-1-processing-x:presse) [   x:presse] o.a.s.c.SolrCore [presse] Registered new searcher Searcher@2776f3f5[presse] main{ExitableDirectoryReader(UninvertingDirectoryReader(Uninverting(_d(8.3.0):C1476:[diagnostics={java.vendor=Ubuntu, os=Linux, java.version=11.0.22, java.vm.version=11.0.22+7-post-Ubuntu-0ubuntu222.04.1, lucene.version=8.3.0, os.arch=amd64, java.runtime.version=11.0.22+7-post-Ubuntu-0ubuntu222.04.1, source=flush, os.version=6.5.0-28-generic, timestamp=1714315344908}]:[attributes={Lucene50StoredFieldsFormat.mode=BEST_SPEED}])))}
2024-04-28 14:54:10.626 INFO  (qtp1789452565-30) [   x:presse] o.a.s.u.DefaultSolrCoreState New IndexWriter is ready to be used.
2024-04-28 14:54:10.627 INFO  (qtp1789452565-30) [   x:presse] o.a.s.s.SolrIndexSearcher Opening [Searcher@2d77ff9e[presse] main]
2024-04-28 14:54:10.628 INFO  (qtp1789452565-30) [   x:presse] o.a.s.h.SolrConfigHandler Executed config commands successfully and persited to File System [{"set-property":{"requestDispatcher.requestParsers.enableRemoteStreaming":true}}, {"set-property":{"requestDispatcher.requestParsers.enableStreamBody":true}}]
2024-04-28 14:54:10.628 INFO  (qtp1789452565-30) [   x:presse] o.a.s.c.SolrCore [presse]  CLOSING SolrCore org.apache.solr.core.SolrCore@316163e0
2024-04-28 14:54:10.629 INFO  (qtp1789452565-30) [   x:presse] o.a.s.m.SolrMetricManager Closing metric reporters for registry=solr.core.presse, tag=SolrCore@316163e0
2024-04-28 14:54:10.629 INFO  (qtp1789452565-30) [   x:presse] o.a.s.m.r.SolrJmxReporter Closing reporter [org.apache.solr.metrics.reporters.SolrJmxReporter@52cc0e3f: rootName = null, domain = solr.core.presse, service url = null, agent id = null] for registry solr.core.presse / com.codahale.metrics.MetricRegistry@6ce4c4ca
2024-04-28 14:54:10.629 INFO  (searcherExecutor-15-thread-1-processing-x:presse) [   x:presse] o.a.s.c.QuerySenderListener QuerySenderListener sending requests to Searcher@2d77ff9e[presse] main{ExitableDirectoryReader(UninvertingDirectoryReader(Uninverting(_d(8.3.0):C1476:[diagnostics={java.vendor=Ubuntu, os=Linux, java.version=11.0.22, java.vm.version=11.0.22+7-post-Ubuntu-0ubuntu222.04.1, lucene.version=8.3.0, os.arch=amd64, java.runtime.version=11.0.22+7-post-Ubuntu-0ubuntu222.04.1, source=flush, os.version=6.5.0-28-generic, timestamp=1714315344908}]:[attributes={Lucene50StoredFieldsFormat.mode=BEST_SPEED}])))}
2024-04-28 14:54:10.629 INFO  (searcherExecutor-15-thread-1-processing-x:presse) [   x:presse] o.a.s.c.QuerySenderListener QuerySenderListener done.
2024-04-28 14:54:10.632 INFO  (searcherExecutor-15-thread-1-processing-x:presse) [   x:presse] o.a.s.c.SolrCore [presse] Registered new searcher Searcher@2d77ff9e[presse] main{ExitableDirectoryReader(UninvertingDirectoryReader(Uninverting(_d(8.3.0):C1476:[diagnostics={java.vendor=Ubuntu, os=Linux, java.version=11.0.22, java.vm.version=11.0.22+7-post-Ubuntu-0ubuntu222.04.1, lucene.version=8.3.0, os.arch=amd64, java.runtime.version=11.0.22+7-post-Ubuntu-0ubuntu222.04.1, source=flush, os.version=6.5.0-28-generic, timestamp=1714315344908}]:[attributes={Lucene50StoredFieldsFormat.mode=BEST_SPEED}])))}
2024-04-28 14:54:13.611 INFO  (qtp1789452565-31) [   x:presse] o.a.s.s.SolrIndexSearcher Opening [Searcher@48a3fde9[presse] realtime]
2024-04-28 14:54:13.612 INFO  (qtp1789452565-31) [   x:presse] o.a.s.u.p.LogUpdateProcessorFactory [presse]  webapp=/solr path=/update params={stream.body=<delete><query>*:*</query></delete>}{deleteByQuery=*:* (-1797590670201847808)} 0 51
2024-04-28 14:54:13.620 INFO  (qtp1789452565-24) [   x:presse] o.a.s.u.DirectUpdateHandler2 start commit{_version_=1797590670240645120,optimize=false,openSearcher=true,waitSearcher=true,expungeDeletes=false,softCommit=false,prepareCommit=false}
2024-04-28 14:54:13.621 INFO  (qtp1789452565-24) [   x:presse] o.a.s.u.SolrIndexWriter Calling setCommitData with IW:org.apache.solr.update.SolrIndexWriter@271ab46c commitCommandVersion:1797590670240645120
2024-04-28 14:54:13.629 INFO  (qtp1789452565-24) [   x:presse] o.a.s.s.SolrIndexSearcher Opening [Searcher@2f30842f[presse] main]
2024-04-28 14:54:13.629 INFO  (qtp1789452565-24) [   x:presse] o.a.s.u.DirectUpdateHandler2 end_commit_flush
2024-04-28 14:54:13.629 INFO  (searcherExecutor-15-thread-1-processing-x:presse) [   x:presse] o.a.s.c.QuerySenderListener QuerySenderListener sending requests to Searcher@2f30842f[presse] main{ExitableDirectoryReader(UninvertingDirectoryReader())}
2024-04-28 14:54:13.629 INFO  (searcherExecutor-15-thread-1-processing-x:presse) [   x:presse] o.a.s.c.QuerySenderListener QuerySenderListener done.
2024-04-28 14:54:13.631 INFO  (searcherExecutor-15-thread-1-processing-x:presse) [   x:presse] o.a.s.c.SolrCore [presse] Registered new searcher Searcher@2f30842f[presse] main{ExitableDirectoryReader(UninvertingDirectoryReader())}
2024-04-28 14:54:13.633 INFO  (qtp1789452565-24) [   x:presse] o.a.s.u.p.LogUpdateProcessorFactory [presse]  webapp=/solr path=/update params={commit=true}{commit=} 0 13
2024-04-28 14:54:15.995 INFO  (qtp1789452565-25) [   x:presse] o.a.s.u.p.LogUpdateProcessorFactory [presse]  webapp=/solr path=/update params={}{} 0 4
2024-04-28 14:54:18.815 INFO  (qtp1789452565-26) [   x:presse] o.a.s.u.DirectUpdateHandler2 start commit{_version_=1797590675687997440,optimize=false,openSearcher=true,waitSearcher=true,expungeDeletes=false,softCommit=false,prepareCommit=false}
2024-04-28 14:54:18.815 INFO  (qtp1789452565-26) [   x:presse] o.a.s.u.DirectUpdateHandler2 No uncommitted changes. Skipping IW.commit.
2024-04-28 14:54:18.816 INFO  (qtp1789452565-26) [   x:presse] o.a.s.u.DirectUpdateHandler2 end_commit_flush
2024-04-28 14:54:18.816 INFO  (qtp1789452565-26) [   x:presse] o.a.s.u.p.LogUpdateProcessorFactory [presse]  webapp=/solr path=/update params={commit=true}{commit=} 0 1
2024-04-28 14:54:20.984 INFO  (qtp1789452565-49) [   x:presse] o.a.s.c.S.Request [presse]  webapp=/solr path=/browse params={q=Ouganda} hits=0 status=0 QTime=34
2024-04-28 14:54:20.984 INFO  (qtp1789452565-49) [   x:presse] o.a.s.c.PluginBag Going to create a new queryResponseWriter with {type = queryResponseWriter,name = velocity,class = solr.VelocityResponseWriter,attributes = {startup=lazy, name=velocity, class=solr.VelocityResponseWriter},args = {template.base.dir=,solr.resource.loader.enabled=true,params.resource.loader.enabled=false}} 
2024-04-28 14:54:22.044 INFO  (qtp1789452565-47) [   x:presse] o.a.s.c.S.Request [presse]  webapp=/solr path=/browse params={q=Ouganda} hits=0 status=0 QTime=2
2024-04-28 14:54:25.333 INFO  (qtp1789452565-49) [   x:presse] o.a.s.c.S.Request [presse]  webapp=/solr path=/browse params={q=Ouganda} hits=0 status=0 QTime=1
2024-04-28 14:54:34.453 INFO  (qtp1789452565-27) [   x:presse] o.a.s.u.p.LogUpdateProcessorFactory [presse]  webapp=/solr path=/update params={}{add=[b8300973-1d95-4efc-9faf-a7a25239828e (1797590691479552000), 1bebd7f5-0bf7-45d1-839e-5a4bdd9a9e6c (1797590691493183488), d0f2c99e-0d62-4d23-b2ed-95c027ac2506 (1797590691495280640), 657085d8-5ec7-4364-afe7-bfeb0c98336f (1797590691496329216), 28ef9dae-0358-4bfb-9137-a99932a46530 (1797590691497377792), 0a2716bb-3203-4e51-8c98-7d460c5398a3 (1797590691500523520), 44d8dde9-cf7d-438b-bf92-dbd9f91334ab (1797590691502620672), 4fada08d-c0bf-4287-8d64-4d888a2608b6 (1797590691503669248), 29b80788-9805-44bf-aa57-3ec9a5e6fb28 (1797590691505766400), 3365076d-0e49-48e9-96ca-d41e8f72743b (1797590691509960704), ... (1476 adds)]} 0 581
2024-04-28 14:54:37.555 INFO  (qtp1789452565-29) [   x:presse] o.a.s.u.DirectUpdateHandler2 start commit{_version_=1797590695338311680,optimize=false,openSearcher=true,waitSearcher=true,expungeDeletes=false,softCommit=false,prepareCommit=false}
2024-04-28 14:54:37.555 INFO  (qtp1789452565-29) [   x:presse] o.a.s.u.SolrIndexWriter Calling setCommitData with IW:org.apache.solr.update.SolrIndexWriter@271ab46c commitCommandVersion:1797590695338311680
2024-04-28 14:54:37.863 INFO  (qtp1789452565-29) [   x:presse] o.a.s.s.SolrIndexSearcher Opening [Searcher@31d12e8c[presse] main]
2024-04-28 14:54:37.864 INFO  (searcherExecutor-15-thread-1-processing-x:presse) [   x:presse] o.a.s.c.QuerySenderListener QuerySenderListener sending requests to Searcher@31d12e8c[presse] main{ExitableDirectoryReader(UninvertingDirectoryReader(Uninverting(_e(8.3.0):C1476:[diagnostics={os=Linux, java.vendor=Ubuntu, java.version=11.0.22, java.vm.version=11.0.22+7-post-Ubuntu-0ubuntu222.04.1, lucene.version=8.3.0, os.arch=amd64, java.runtime.version=11.0.22+7-post-Ubuntu-0ubuntu222.04.1, source=flush, os.version=6.5.0-28-generic, timestamp=1714316077812}]:[attributes={Lucene50StoredFieldsFormat.mode=BEST_SPEED}])))}
2024-04-28 14:54:37.864 INFO  (searcherExecutor-15-thread-1-processing-x:presse) [   x:presse] o.a.s.c.QuerySenderListener QuerySenderListener done.
2024-04-28 14:54:37.864 INFO  (qtp1789452565-29) [   x:presse] o.a.s.u.DirectUpdateHandler2 end_commit_flush
2024-04-28 14:54:37.867 INFO  (searcherExecutor-15-thread-1-processing-x:presse) [   x:presse] o.a.s.c.SolrCore [presse] Registered new searcher Searcher@31d12e8c[presse] main{ExitableDirectoryReader(UninvertingDirectoryReader(Uninverting(_e(8.3.0):C1476:[diagnostics={os=Linux, java.vendor=Ubuntu, java.version=11.0.22, java.vm.version=11.0.22+7-post-Ubuntu-0ubuntu222.04.1, lucene.version=8.3.0, os.arch=amd64, java.runtime.version=11.0.22+7-post-Ubuntu-0ubuntu222.04.1, source=flush, os.version=6.5.0-28-generic, timestamp=1714316077812}]:[attributes={Lucene50StoredFieldsFormat.mode=BEST_SPEED}])))}
2024-04-28 14:54:37.867 INFO  (qtp1789452565-29) [   x:presse] o.a.s.u.p.LogUpdateProcessorFactory [presse]  webapp=/solr path=/update params={commit=true}{commit=} 0 312
2024-04-28 14:54:39.353 INFO  (qtp1789452565-47) [   x:presse] o.a.s.c.S.Request [presse]  webapp=/solr path=/browse params={q=Ouganda} hits=61 status=0 QTime=37
2024-04-28 14:57:34.038 INFO  (qtp1789452565-28) [   x:presse] o.a.s.c.S.Request [presse]  webapp=/solr path=/browse params={q=id:b8300973-1d95-4efc-9faf-a7a25239828e} hits=1 status=0 QTime=4
2024-04-28 14:58:44.585 INFO  (qtp1789452565-46) [   x:presse] o.a.s.c.S.Request [presse]  webapp=/solr path=/browse params={q=Ouganda&fq=category_str:"sports"} hits=19 status=0 QTime=18
2024-04-28 14:58:44.599 ERROR (qtp1789452565-46) [   x:presse] o.a.v.rendering Left side ($p.size()) of comparison operation has null value at _macros.vm[line 24, column 58]
2024-04-28 14:58:44.601 ERROR (qtp1789452565-46) [   x:presse] o.a.v.rendering Left side ($velocityCount) of comparison operation has null value at _macros.vm[line 11, column 53]
2024-04-28 14:58:44.620 ERROR (qtp1789452565-46) [   x:presse] o.a.v.rendering Left side ($velocityCount) of comparison operation has null value at _macros.vm[line 11, column 53]
2024-04-28 14:58:44.622 ERROR (qtp1789452565-46) [   x:presse] o.a.v.rendering Left side ($velocityCount) of comparison operation has null value at _macros.vm[line 11, column 53]
2024-04-28 14:58:44.623 ERROR (qtp1789452565-46) [   x:presse] o.a.v.rendering Left side ($velocityCount) of comparison operation has null value at _macros.vm[line 11, column 53]
2024-04-28 14:58:45.898 INFO  (qtp1789452565-53) [   x:presse] o.a.s.c.S.Request [presse]  webapp=/solr path=/browse params={q=Ouganda} hits=61 status=0 QTime=13
2024-04-28 14:58:46.924 INFO  (qtp1789452565-46) [   x:presse] o.a.s.c.S.Request [presse]  webapp=/solr path=/browse params={q=Ouganda} hits=61 status=0 QTime=13
2024-04-28 15:00:42.406 INFO  (qtp1789452565-48) [   x:presse] o.a.s.c.SolrResourceLoader Written confile configoverlay.json
2024-04-28 15:00:42.418 INFO  (qtp1789452565-48) [   x:presse] o.a.s.c.SolrResourceLoader [presse] Added 61 libs to classloader, from paths: [/home/charlotte/Bureau/projet_TAL_RI/projet_TAL/partie_2_RI/solr/contrib/clustering/lib, /home/charlotte/Bureau/projet_TAL_RI/projet_TAL/partie_2_RI/solr/contrib/extraction/lib, /home/charlotte/Bureau/projet_TAL_RI/projet_TAL/partie_2_RI/solr/contrib/langid/lib, /home/charlotte/Bureau/projet_TAL_RI/projet_TAL/partie_2_RI/solr/contrib/velocity/lib, /home/charlotte/Bureau/projet_TAL_RI/projet_TAL/partie_2_RI/solr/dist]
2024-04-28 15:00:42.429 INFO  (qtp1789452565-48) [   x:presse] o.a.s.c.SolrConfig Using Lucene MatchVersion: 8.3.0
2024-04-28 15:00:42.449 INFO  (qtp1789452565-48) [   x:presse] o.a.s.s.IndexSchema [presse] Schema name=default-config
2024-04-28 15:00:42.494 INFO  (qtp1789452565-48) [   x:presse] o.a.s.s.IndexSchema Loaded schema default-config/1.6 with uniqueid field id
2024-04-28 15:00:42.501 INFO  (qtp1789452565-48) [   x:presse] o.a.s.c.CoreContainer Reloading SolrCore 'presse' using configuration from instancedir /home/charlotte/Bureau/projet_TAL_RI/projet_TAL/partie_2_RI/solr/server/solr/presse
2024-04-28 15:00:42.510 INFO  (qtp1789452565-48) [   x:presse] o.a.s.m.r.SolrJmxReporter JMX monitoring for 'solr.core.presse' (registry 'solr.core.presse') enabled at server: com.sun.jmx.mbeanserver.JmxMBeanServer@771a660
2024-04-28 15:00:42.510 INFO  (qtp1789452565-48) [   x:presse] o.a.s.c.SolrCore [[presse] ] Opening new SolrCore at [/home/charlotte/Bureau/projet_TAL_RI/projet_TAL/partie_2_RI/solr/server/solr/presse], dataDir=[/home/charlotte/Bureau/projet_TAL_RI/projet_TAL/partie_2_RI/solr/server/solr/presse/data/]
2024-04-28 15:00:42.511 INFO  (qtp1789452565-48) [   x:presse] o.a.s.r.XSLTResponseWriter xsltCacheLifetimeSeconds=5
2024-04-28 15:00:42.531 INFO  (qtp1789452565-48) [   x:presse] o.a.s.u.CommitTracker Hard AutoCommit: if uncommitted for 15000ms; 
2024-04-28 15:00:42.531 INFO  (qtp1789452565-48) [   x:presse] o.a.s.u.CommitTracker Soft AutoCommit: disabled
2024-04-28 15:00:42.533 INFO  (qtp1789452565-48) [   x:presse] o.a.s.s.SolrIndexSearcher Opening [Searcher@bf1b539[presse] main]
2024-04-28 15:00:42.533 INFO  (qtp1789452565-48) [   x:presse] o.a.s.r.ManagedResourceStorage File-based storage initialized to use dir: /home/charlotte/Bureau/projet_TAL_RI/projet_TAL/partie_2_RI/solr/server/solr/presse/conf
2024-04-28 15:00:42.534 INFO  (qtp1789452565-48) [   x:presse] o.a.s.h.c.SpellCheckComponent Initializing spell checkers
2024-04-28 15:00:42.534 INFO  (qtp1789452565-48) [   x:presse] o.a.s.s.DirectSolrSpellChecker init: {name=default,field=_text_,classname=solr.DirectSolrSpellChecker,distanceMeasure=internal,accuracy=0.5,maxEdits=2,minPrefix=1,maxInspections=5,minQueryLength=4,maxQueryFrequency=0.01}
2024-04-28 15:00:42.534 INFO  (qtp1789452565-48) [   x:presse] o.a.s.h.ReplicationHandler Commits will be reserved for 10000ms.
2024-04-28 15:00:42.539 INFO  (searcherExecutor-19-thread-1-processing-x:presse) [   x:presse] o.a.s.c.QuerySenderListener QuerySenderListener sending requests to Searcher@bf1b539[presse] main{ExitableDirectoryReader(UninvertingDirectoryReader(Uninverting(_e(8.3.0):C1476:[diagnostics={os=Linux, java.vendor=Ubuntu, java.version=11.0.22, java.vm.version=11.0.22+7-post-Ubuntu-0ubuntu222.04.1, lucene.version=8.3.0, os.arch=amd64, java.runtime.version=11.0.22+7-post-Ubuntu-0ubuntu222.04.1, source=flush, os.version=6.5.0-28-generic, timestamp=1714316077812}]:[attributes={Lucene50StoredFieldsFormat.mode=BEST_SPEED}])))}
2024-04-28 15:00:42.539 INFO  (searcherExecutor-19-thread-1-processing-x:presse) [   x:presse] o.a.s.c.QuerySenderListener QuerySenderListener done.
2024-04-28 15:00:42.539 INFO  (searcherExecutor-19-thread-1-processing-x:presse) [   x:presse] o.a.s.h.c.SpellCheckComponent Loading spell index for spellchecker: default
2024-04-28 15:00:42.541 INFO  (searcherExecutor-19-thread-1-processing-x:presse) [   x:presse] o.a.s.c.SolrCore [presse] Registered new searcher Searcher@bf1b539[presse] main{ExitableDirectoryReader(UninvertingDirectoryReader(Uninverting(_e(8.3.0):C1476:[diagnostics={os=Linux, java.vendor=Ubuntu, java.version=11.0.22, java.vm.version=11.0.22+7-post-Ubuntu-0ubuntu222.04.1, lucene.version=8.3.0, os.arch=amd64, java.runtime.version=11.0.22+7-post-Ubuntu-0ubuntu222.04.1, source=flush, os.version=6.5.0-28-generic, timestamp=1714316077812}]:[attributes={Lucene50StoredFieldsFormat.mode=BEST_SPEED}])))}
2024-04-28 15:00:42.542 INFO  (qtp1789452565-48) [   x:presse] o.a.s.u.DefaultSolrCoreState New IndexWriter is ready to be used.
2024-04-28 15:00:42.544 INFO  (qtp1789452565-48) [   x:presse] o.a.s.s.SolrIndexSearcher Opening [Searcher@23060677[presse] main]
2024-04-28 15:00:42.544 INFO  (searcherExecutor-19-thread-1-processing-x:presse) [   x:presse] o.a.s.c.QuerySenderListener QuerySenderListener sending requests to Searcher@23060677[presse] main{ExitableDirectoryReader(UninvertingDirectoryReader(Uninverting(_e(8.3.0):C1476:[diagnostics={java.vendor=Ubuntu, os=Linux, java.version=11.0.22, java.vm.version=11.0.22+7-post-Ubuntu-0ubuntu222.04.1, lucene.version=8.3.0, os.arch=amd64, java.runtime.version=11.0.22+7-post-Ubuntu-0ubuntu222.04.1, source=flush, os.version=6.5.0-28-generic, timestamp=1714316077812}]:[attributes={Lucene50StoredFieldsFormat.mode=BEST_SPEED}])))}
2024-04-28 15:00:42.544 INFO  (searcherExecutor-19-thread-1-processing-x:presse) [   x:presse] o.a.s.c.QuerySenderListener QuerySenderListener done.
2024-04-28 15:00:42.544 INFO  (qtp1789452565-48) [   x:presse] o.a.s.h.SolrConfigHandler Executed config commands successfully and persited to File System [{"set-property":{"requestDispatcher.requestParsers.enableRemoteStreaming":true}}, {"set-property":{"requestDispatcher.requestParsers.enableStreamBody":true}}]
2024-04-28 15:00:42.545 INFO  (qtp1789452565-48) [   x:presse] o.a.s.c.SolrCore [presse]  CLOSING SolrCore org.apache.solr.core.SolrCore@363106cf
2024-04-28 15:00:42.545 INFO  (qtp1789452565-48) [   x:presse] o.a.s.m.SolrMetricManager Closing metric reporters for registry=solr.core.presse, tag=SolrCore@363106cf
2024-04-28 15:00:42.545 INFO  (qtp1789452565-48) [   x:presse] o.a.s.m.r.SolrJmxReporter Closing reporter [org.apache.solr.metrics.reporters.SolrJmxReporter@10b45e08: rootName = null, domain = solr.core.presse, service url = null, agent id = null] for registry solr.core.presse / com.codahale.metrics.MetricRegistry@6ce4c4ca
2024-04-28 15:00:42.546 INFO  (searcherExecutor-19-thread-1-processing-x:presse) [   x:presse] o.a.s.c.SolrCore [presse] Registered new searcher Searcher@23060677[presse] main{ExitableDirectoryReader(UninvertingDirectoryReader(Uninverting(_e(8.3.0):C1476:[diagnostics={java.vendor=Ubuntu, os=Linux, java.version=11.0.22, java.vm.version=11.0.22+7-post-Ubuntu-0ubuntu222.04.1, lucene.version=8.3.0, os.arch=amd64, java.runtime.version=11.0.22+7-post-Ubuntu-0ubuntu222.04.1, source=flush, os.version=6.5.0-28-generic, timestamp=1714316077812}]:[attributes={Lucene50StoredFieldsFormat.mode=BEST_SPEED}])))}
2024-04-28 15:00:46.241 INFO  (qtp1789452565-49) [   x:presse] o.a.s.s.SolrIndexSearcher Opening [Searcher@1cbe6736[presse] realtime]
2024-04-28 15:00:46.241 INFO  (qtp1789452565-49) [   x:presse] o.a.s.u.p.LogUpdateProcessorFactory [presse]  webapp=/solr path=/update params={stream.body=<delete><query>*:*</query></delete>}{deleteByQuery=*:* (-1797591081929408512)} 0 4
2024-04-28 15:00:46.248 INFO  (qtp1789452565-31) [   x:presse] o.a.s.u.DirectUpdateHandler2 start commit{_version_=1797591081940942848,optimize=false,openSearcher=true,waitSearcher=true,expungeDeletes=false,softCommit=false,prepareCommit=false}
2024-04-28 15:00:46.248 INFO  (qtp1789452565-31) [   x:presse] o.a.s.u.SolrIndexWriter Calling setCommitData with IW:org.apache.solr.update.SolrIndexWriter@ba30ad1 commitCommandVersion:1797591081940942848
2024-04-28 15:00:46.257 INFO  (qtp1789452565-31) [   x:presse] o.a.s.s.SolrIndexSearcher Opening [Searcher@348966d2[presse] main]
2024-04-28 15:00:46.258 INFO  (qtp1789452565-31) [   x:presse] o.a.s.u.DirectUpdateHandler2 end_commit_flush
2024-04-28 15:00:46.258 INFO  (searcherExecutor-19-thread-1-processing-x:presse) [   x:presse] o.a.s.c.QuerySenderListener QuerySenderListener sending requests to Searcher@348966d2[presse] main{ExitableDirectoryReader(UninvertingDirectoryReader())}
2024-04-28 15:00:46.258 INFO  (searcherExecutor-19-thread-1-processing-x:presse) [   x:presse] o.a.s.c.QuerySenderListener QuerySenderListener done.
2024-04-28 15:00:46.260 INFO  (searcherExecutor-19-thread-1-processing-x:presse) [   x:presse] o.a.s.c.SolrCore [presse] Registered new searcher Searcher@348966d2[presse] main{ExitableDirectoryReader(UninvertingDirectoryReader())}
2024-04-28 15:00:46.263 INFO  (qtp1789452565-31) [   x:presse] o.a.s.u.p.LogUpdateProcessorFactory [presse]  webapp=/solr path=/update params={commit=true}{commit=} 0 15
2024-04-28 15:00:49.980 INFO  (qtp1789452565-55) [   x:presse] o.a.s.u.p.LogUpdateProcessorFactory [presse]  webapp=/solr path=/update params={}{add=[7de72b75-b89b-4c0f-9072-ec2732952963 (1797591085432700928), 5c1dcf10-5b91-40d3-aeb3-7cc75f4ddad5 (1797591085434798080), 49c74864-c292-4276-aacd-e7dc35e25907 (1797591085435846656), bf0b9a22-04bf-4dd3-8afc-65334939b472 (1797591085435846657), c8630410-f56b-4df0-aa0e-81296b5181c7 (1797591085436895232), d70fa054-c259-4aef-bd3d-0869cac9756e (1797591085436895233), ea902499-2f27-4848-8537-e3e96807e853 (1797591085437943808), 29de8f8d-e961-4377-9b69-d75ac5c1ef9d (1797591085437943809), 158031e3-22ab-4f04-b08d-eafc4251f3b0 (1797591085437943810), bd9a0984-05b2-4f43-ae77-e0f555b8f75d (1797591085438992384), ... (1476 adds)]} 0 403
2024-04-28 15:00:52.460 INFO  (qtp1789452565-45) [   x:presse] o.a.s.u.DirectUpdateHandler2 start commit{_version_=1797591088454696960,optimize=false,openSearcher=true,waitSearcher=true,expungeDeletes=false,softCommit=false,prepareCommit=false}
2024-04-28 15:00:52.460 INFO  (qtp1789452565-45) [   x:presse] o.a.s.u.SolrIndexWriter Calling setCommitData with IW:org.apache.solr.update.SolrIndexWriter@ba30ad1 commitCommandVersion:1797591088454696960
2024-04-28 15:00:52.617 INFO  (qtp1789452565-45) [   x:presse] o.a.s.s.SolrIndexSearcher Opening [Searcher@6c45db29[presse] main]
2024-04-28 15:00:52.617 INFO  (searcherExecutor-19-thread-1-processing-x:presse) [   x:presse] o.a.s.c.QuerySenderListener QuerySenderListener sending requests to Searcher@6c45db29[presse] main{ExitableDirectoryReader(UninvertingDirectoryReader(Uninverting(_f(8.3.0):C1476:[diagnostics={os=Linux, java.vendor=Ubuntu, java.version=11.0.22, java.vm.version=11.0.22+7-post-Ubuntu-0ubuntu222.04.1, lucene.version=8.3.0, os.arch=amd64, java.runtime.version=11.0.22+7-post-Ubuntu-0ubuntu222.04.1, source=flush, os.version=6.5.0-28-generic, timestamp=1714316452560}]:[attributes={Lucene50StoredFieldsFormat.mode=BEST_SPEED}])))}
2024-04-28 15:00:52.617 INFO  (searcherExecutor-19-thread-1-processing-x:presse) [   x:presse] o.a.s.c.QuerySenderListener QuerySenderListener done.
2024-04-28 15:00:52.619 INFO  (searcherExecutor-19-thread-1-processing-x:presse) [   x:presse] o.a.s.c.SolrCore [presse] Registered new searcher Searcher@6c45db29[presse] main{ExitableDirectoryReader(UninvertingDirectoryReader(Uninverting(_f(8.3.0):C1476:[diagnostics={os=Linux, java.vendor=Ubuntu, java.version=11.0.22, java.vm.version=11.0.22+7-post-Ubuntu-0ubuntu222.04.1, lucene.version=8.3.0, os.arch=amd64, java.runtime.version=11.0.22+7-post-Ubuntu-0ubuntu222.04.1, source=flush, os.version=6.5.0-28-generic, timestamp=1714316452560}]:[attributes={Lucene50StoredFieldsFormat.mode=BEST_SPEED}])))}
2024-04-28 15:00:52.619 INFO  (qtp1789452565-45) [   x:presse] o.a.s.u.DirectUpdateHandler2 end_commit_flush
2024-04-28 15:00:52.620 INFO  (qtp1789452565-45) [   x:presse] o.a.s.u.p.LogUpdateProcessorFactory [presse]  webapp=/solr path=/update params={commit=true}{commit=} 0 160
2024-04-28 15:00:54.313 INFO  (qtp1789452565-51) [   x:presse] o.a.s.c.S.Request [presse]  webapp=/solr path=/browse params={q=Ouganda} hits=61 status=0 QTime=14
2024-04-28 15:00:54.313 INFO  (qtp1789452565-51) [   x:presse] o.a.s.c.PluginBag Going to create a new queryResponseWriter with {type = queryResponseWriter,name = velocity,class = solr.VelocityResponseWriter,attributes = {startup=lazy, name=velocity, class=solr.VelocityResponseWriter},args = {template.base.dir=,solr.resource.loader.enabled=true,params.resource.loader.enabled=false}} 
2024-04-28 15:00:55.400 INFO  (qtp1789452565-69) [   x:presse] o.a.s.c.S.Request [presse]  webapp=/solr path=/browse params={q=Ouganda} hits=61 status=0 QTime=8
2024-04-28 15:01:02.577 INFO  (qtp1789452565-51) [   x:presse] o.a.s.c.S.Request [presse]  webapp=/solr path=/browse params={q=MAroc} hits=73 status=0 QTime=10
2024-04-28 15:01:05.530 INFO  (qtp1789452565-69) [   x:presse] o.a.s.c.S.Request [presse]  webapp=/solr path=/browse params={q=Maroc} hits=73 status=0 QTime=8
2024-04-28 15:01:11.106 INFO  (qtp1789452565-51) [   x:presse] o.a.s.c.S.Request [presse]  webapp=/solr path=/browse params={q=est} hits=0 status=0 QTime=1
2024-04-28 15:01:12.052 INFO  (qtp1789452565-69) [   x:presse] o.a.s.c.S.Request [presse]  webapp=/solr path=/browse params={q=est} hits=0 status=0 QTime=1
2024-04-28 15:01:16.828 INFO  (qtp1789452565-51) [   x:presse] o.a.s.c.S.Request [presse]  webapp=/solr path=/browse params={q=nouveau} hits=473 status=0 QTime=10
2024-04-28 15:01:21.585 INFO  (qtp1789452565-69) [   x:presse] o.a.s.c.S.Request [presse]  webapp=/solr path=/browse params={q=nouveau&fq=category_str:"politics"} hits=128 status=0 QTime=13
2024-04-28 15:01:21.595 ERROR (qtp1789452565-69) [   x:presse] o.a.v.rendering Left side ($p.size()) of comparison operation has null value at _macros.vm[line 24, column 58]
2024-04-28 15:01:21.596 ERROR (qtp1789452565-69) [   x:presse] o.a.v.rendering Left side ($velocityCount) of comparison operation has null value at _macros.vm[line 11, column 53]
2024-04-28 15:01:21.606 ERROR (qtp1789452565-69) [   x:presse] o.a.v.rendering Left side ($velocityCount) of comparison operation has null value at _macros.vm[line 11, column 53]
2024-04-28 15:01:21.607 ERROR (qtp1789452565-69) [   x:presse] o.a.v.rendering Left side ($velocityCount) of comparison operation has null value at _macros.vm[line 11, column 53]
2024-04-28 15:01:21.607 ERROR (qtp1789452565-69) [   x:presse] o.a.v.rendering Left side ($velocityCount) of comparison operation has null value at _macros.vm[line 11, column 53]
2024-04-28 15:01:31.118 INFO  (qtp1789452565-51) [   x:presse] o.a.s.c.S.Request [presse]  webapp=/solr path=/browse params={q=nouveau&fq=category_str:"politics"&fq=category_str:"politics"} hits=128 status=0 QTime=9
2024-04-28 15:01:31.127 ERROR (qtp1789452565-51) [   x:presse] o.a.v.rendering Left side ($p.size()) of comparison operation has null value at _macros.vm[line 24, column 58]
2024-04-28 15:01:31.127 ERROR (qtp1789452565-51) [   x:presse] o.a.v.rendering Left side ($p.size()) of comparison operation has null value at _macros.vm[line 24, column 58]
2024-04-28 15:01:31.128 ERROR (qtp1789452565-51) [   x:presse] o.a.v.rendering Left side ($velocityCount) of comparison operation has null value at _macros.vm[line 11, column 53]
2024-04-28 15:01:31.128 ERROR (qtp1789452565-51) [   x:presse] o.a.v.rendering Left side ($velocityCount) of comparison operation has null value at _macros.vm[line 11, column 53]
2024-04-28 15:01:31.137 ERROR (qtp1789452565-51) [   x:presse] o.a.v.rendering Left side ($velocityCount) of comparison operation has null value at _macros.vm[line 11, column 53]
2024-04-28 15:01:31.137 ERROR (qtp1789452565-51) [   x:presse] o.a.v.rendering Left side ($velocityCount) of comparison operation has null value at _macros.vm[line 11, column 53]
2024-04-28 15:01:31.138 ERROR (qtp1789452565-51) [   x:presse] o.a.v.rendering Left side ($velocityCount) of comparison operation has null value at _macros.vm[line 11, column 53]
2024-04-28 15:01:31.139 ERROR (qtp1789452565-51) [   x:presse] o.a.v.rendering Left side ($velocityCount) of comparison operation has null value at _macros.vm[line 11, column 53]
2024-04-28 15:01:31.139 ERROR (qtp1789452565-51) [   x:presse] o.a.v.rendering Left side ($velocityCount) of comparison operation has null value at _macros.vm[line 11, column 53]
2024-04-28 15:01:31.139 ERROR (qtp1789452565-51) [   x:presse] o.a.v.rendering Left side ($velocityCount) of comparison operation has null value at _macros.vm[line 11, column 53]
2024-04-28 15:01:33.210 INFO  (qtp1789452565-69) [   x:presse] o.a.s.c.S.Request [presse]  webapp=/solr path=/browse params={} hits=1476 status=0 QTime=6
2024-04-28 15:02:55.804 INFO  (qtp1789452565-24) [   x:presse] o.a.s.c.SolrResourceLoader Written confile configoverlay.json
2024-04-28 15:02:55.813 INFO  (qtp1789452565-24) [   x:presse] o.a.s.c.SolrResourceLoader [presse] Added 61 libs to classloader, from paths: [/home/charlotte/Bureau/projet_TAL_RI/projet_TAL/partie_2_RI/solr/contrib/clustering/lib, /home/charlotte/Bureau/projet_TAL_RI/projet_TAL/partie_2_RI/solr/contrib/extraction/lib, /home/charlotte/Bureau/projet_TAL_RI/projet_TAL/partie_2_RI/solr/contrib/langid/lib, /home/charlotte/Bureau/projet_TAL_RI/projet_TAL/partie_2_RI/solr/contrib/velocity/lib, /home/charlotte/Bureau/projet_TAL_RI/projet_TAL/partie_2_RI/solr/dist]
2024-04-28 15:02:55.820 INFO  (qtp1789452565-24) [   x:presse] o.a.s.c.SolrConfig Using Lucene MatchVersion: 8.3.0
2024-04-28 15:02:55.833 INFO  (qtp1789452565-24) [   x:presse] o.a.s.s.IndexSchema [presse] Schema name=default-config
2024-04-28 15:02:55.874 INFO  (qtp1789452565-24) [   x:presse] o.a.s.s.IndexSchema Loaded schema default-config/1.6 with uniqueid field id
2024-04-28 15:02:55.880 INFO  (qtp1789452565-24) [   x:presse] o.a.s.c.CoreContainer Reloading SolrCore 'presse' using configuration from instancedir /home/charlotte/Bureau/projet_TAL_RI/projet_TAL/partie_2_RI/solr/server/solr/presse
2024-04-28 15:02:55.885 INFO  (qtp1789452565-24) [   x:presse] o.a.s.m.r.SolrJmxReporter JMX monitoring for 'solr.core.presse' (registry 'solr.core.presse') enabled at server: com.sun.jmx.mbeanserver.JmxMBeanServer@771a660
2024-04-28 15:02:55.885 INFO  (qtp1789452565-24) [   x:presse] o.a.s.c.SolrCore [[presse] ] Opening new SolrCore at [/home/charlotte/Bureau/projet_TAL_RI/projet_TAL/partie_2_RI/solr/server/solr/presse], dataDir=[/home/charlotte/Bureau/projet_TAL_RI/projet_TAL/partie_2_RI/solr/server/solr/presse/data/]
2024-04-28 15:02:55.886 INFO  (qtp1789452565-24) [   x:presse] o.a.s.r.XSLTResponseWriter xsltCacheLifetimeSeconds=5
2024-04-28 15:02:55.908 INFO  (qtp1789452565-24) [   x:presse] o.a.s.u.CommitTracker Hard AutoCommit: if uncommitted for 15000ms; 
2024-04-28 15:02:55.908 INFO  (qtp1789452565-24) [   x:presse] o.a.s.u.CommitTracker Soft AutoCommit: disabled
2024-04-28 15:02:55.909 INFO  (qtp1789452565-24) [   x:presse] o.a.s.s.SolrIndexSearcher Opening [Searcher@16a45e4d[presse] main]
2024-04-28 15:02:55.910 INFO  (qtp1789452565-24) [   x:presse] o.a.s.r.ManagedResourceStorage File-based storage initialized to use dir: /home/charlotte/Bureau/projet_TAL_RI/projet_TAL/partie_2_RI/solr/server/solr/presse/conf
2024-04-28 15:02:55.910 INFO  (qtp1789452565-24) [   x:presse] o.a.s.h.c.SpellCheckComponent Initializing spell checkers
2024-04-28 15:02:55.910 INFO  (qtp1789452565-24) [   x:presse] o.a.s.s.DirectSolrSpellChecker init: {name=default,field=_text_,classname=solr.DirectSolrSpellChecker,distanceMeasure=internal,accuracy=0.5,maxEdits=2,minPrefix=1,maxInspections=5,minQueryLength=4,maxQueryFrequency=0.01}
2024-04-28 15:02:55.911 INFO  (qtp1789452565-24) [   x:presse] o.a.s.h.ReplicationHandler Commits will be reserved for 10000ms.
2024-04-28 15:02:55.913 INFO  (searcherExecutor-23-thread-1-processing-x:presse) [   x:presse] o.a.s.c.QuerySenderListener QuerySenderListener sending requests to Searcher@16a45e4d[presse] main{ExitableDirectoryReader(UninvertingDirectoryReader(Uninverting(_f(8.3.0):C1476:[diagnostics={os=Linux, java.vendor=Ubuntu, java.version=11.0.22, java.vm.version=11.0.22+7-post-Ubuntu-0ubuntu222.04.1, lucene.version=8.3.0, os.arch=amd64, java.runtime.version=11.0.22+7-post-Ubuntu-0ubuntu222.04.1, source=flush, os.version=6.5.0-28-generic, timestamp=1714316452560}]:[attributes={Lucene50StoredFieldsFormat.mode=BEST_SPEED}])))}
2024-04-28 15:02:55.913 INFO  (searcherExecutor-23-thread-1-processing-x:presse) [   x:presse] o.a.s.c.QuerySenderListener QuerySenderListener done.
2024-04-28 15:02:55.913 INFO  (searcherExecutor-23-thread-1-processing-x:presse) [   x:presse] o.a.s.h.c.SpellCheckComponent Loading spell index for spellchecker: default
2024-04-28 15:02:55.915 INFO  (searcherExecutor-23-thread-1-processing-x:presse) [   x:presse] o.a.s.c.SolrCore [presse] Registered new searcher Searcher@16a45e4d[presse] main{ExitableDirectoryReader(UninvertingDirectoryReader(Uninverting(_f(8.3.0):C1476:[diagnostics={os=Linux, java.vendor=Ubuntu, java.version=11.0.22, java.vm.version=11.0.22+7-post-Ubuntu-0ubuntu222.04.1, lucene.version=8.3.0, os.arch=amd64, java.runtime.version=11.0.22+7-post-Ubuntu-0ubuntu222.04.1, source=flush, os.version=6.5.0-28-generic, timestamp=1714316452560}]:[attributes={Lucene50StoredFieldsFormat.mode=BEST_SPEED}])))}
2024-04-28 15:02:55.916 INFO  (qtp1789452565-24) [   x:presse] o.a.s.u.DefaultSolrCoreState New IndexWriter is ready to be used.
2024-04-28 15:02:55.918 INFO  (qtp1789452565-24) [   x:presse] o.a.s.s.SolrIndexSearcher Opening [Searcher@71ca1d7b[presse] main]
2024-04-28 15:02:55.918 INFO  (qtp1789452565-24) [   x:presse] o.a.s.h.SolrConfigHandler Executed config commands successfully and persited to File System [{"set-property":{"requestDispatcher.requestParsers.enableRemoteStreaming":true}}, {"set-property":{"requestDispatcher.requestParsers.enableStreamBody":true}}]
2024-04-28 15:02:55.918 INFO  (searcherExecutor-23-thread-1-processing-x:presse) [   x:presse] o.a.s.c.QuerySenderListener QuerySenderListener sending requests to Searcher@71ca1d7b[presse] main{ExitableDirectoryReader(UninvertingDirectoryReader(Uninverting(_f(8.3.0):C1476:[diagnostics={java.vendor=Ubuntu, os=Linux, java.version=11.0.22, java.vm.version=11.0.22+7-post-Ubuntu-0ubuntu222.04.1, lucene.version=8.3.0, os.arch=amd64, java.runtime.version=11.0.22+7-post-Ubuntu-0ubuntu222.04.1, source=flush, os.version=6.5.0-28-generic, timestamp=1714316452560}]:[attributes={Lucene50StoredFieldsFormat.mode=BEST_SPEED}])))}
2024-04-28 15:02:55.918 INFO  (searcherExecutor-23-thread-1-processing-x:presse) [   x:presse] o.a.s.c.QuerySenderListener QuerySenderListener done.
2024-04-28 15:02:55.918 INFO  (qtp1789452565-24) [   x:presse] o.a.s.c.SolrCore [presse]  CLOSING SolrCore org.apache.solr.core.SolrCore@28c543ce
2024-04-28 15:02:55.918 INFO  (qtp1789452565-24) [   x:presse] o.a.s.m.SolrMetricManager Closing metric reporters for registry=solr.core.presse, tag=SolrCore@28c543ce
2024-04-28 15:02:55.918 INFO  (qtp1789452565-24) [   x:presse] o.a.s.m.r.SolrJmxReporter Closing reporter [org.apache.solr.metrics.reporters.SolrJmxReporter@6aefe93c: rootName = null, domain = solr.core.presse, service url = null, agent id = null] for registry solr.core.presse / com.codahale.metrics.MetricRegistry@6ce4c4ca
2024-04-28 15:02:55.919 INFO  (searcherExecutor-23-thread-1-processing-x:presse) [   x:presse] o.a.s.c.SolrCore [presse] Registered new searcher Searcher@71ca1d7b[presse] main{ExitableDirectoryReader(UninvertingDirectoryReader(Uninverting(_f(8.3.0):C1476:[diagnostics={java.vendor=Ubuntu, os=Linux, java.version=11.0.22, java.vm.version=11.0.22+7-post-Ubuntu-0ubuntu222.04.1, lucene.version=8.3.0, os.arch=amd64, java.runtime.version=11.0.22+7-post-Ubuntu-0ubuntu222.04.1, source=flush, os.version=6.5.0-28-generic, timestamp=1714316452560}]:[attributes={Lucene50StoredFieldsFormat.mode=BEST_SPEED}])))}
2024-04-28 15:02:58.414 INFO  (qtp1789452565-48) [   x:presse] o.a.s.s.SolrIndexSearcher Opening [Searcher@6ff7c870[presse] realtime]
2024-04-28 15:02:58.415 INFO  (qtp1789452565-48) [   x:presse] o.a.s.u.p.LogUpdateProcessorFactory [presse]  webapp=/solr path=/update params={stream.body=<delete><query>*:*</query></delete>}{deleteByQuery=*:* (-1797591220523892736)} 0 4
2024-04-28 15:02:58.421 INFO  (qtp1789452565-49) [   x:presse] o.a.s.u.DirectUpdateHandler2 start commit{_version_=1797591220534378496,optimize=false,openSearcher=true,waitSearcher=true,expungeDeletes=false,softCommit=false,prepareCommit=false}
2024-04-28 15:02:58.421 INFO  (qtp1789452565-49) [   x:presse] o.a.s.u.SolrIndexWriter Calling setCommitData with IW:org.apache.solr.update.SolrIndexWriter@5ba30378 commitCommandVersion:1797591220534378496
2024-04-28 15:02:58.428 INFO  (qtp1789452565-49) [   x:presse] o.a.s.s.SolrIndexSearcher Opening [Searcher@3a5ee02[presse] main]
2024-04-28 15:02:58.428 INFO  (qtp1789452565-49) [   x:presse] o.a.s.u.DirectUpdateHandler2 end_commit_flush
2024-04-28 15:02:58.428 INFO  (searcherExecutor-23-thread-1-processing-x:presse) [   x:presse] o.a.s.c.QuerySenderListener QuerySenderListener sending requests to Searcher@3a5ee02[presse] main{ExitableDirectoryReader(UninvertingDirectoryReader())}
2024-04-28 15:02:58.428 INFO  (searcherExecutor-23-thread-1-processing-x:presse) [   x:presse] o.a.s.c.QuerySenderListener QuerySenderListener done.
2024-04-28 15:02:58.429 INFO  (searcherExecutor-23-thread-1-processing-x:presse) [   x:presse] o.a.s.c.SolrCore [presse] Registered new searcher Searcher@3a5ee02[presse] main{ExitableDirectoryReader(UninvertingDirectoryReader())}
2024-04-28 15:02:58.431 INFO  (qtp1789452565-49) [   x:presse] o.a.s.u.p.LogUpdateProcessorFactory [presse]  webapp=/solr path=/update params={commit=true}{commit=} 0 10
2024-04-28 15:03:02.496 INFO  (qtp1789452565-31) [   x:presse] o.a.s.u.p.LogUpdateProcessorFactory [presse]  webapp=/solr path=/update params={}{add=[9cc44809-19e8-4f8a-bbe8-0b29dd127abe (1797591224418304000), bf14414f-82a5-4575-be8b-8ae9b9325dee (1797591224419352576), 00b5f8a3-9535-4526-8ffb-2fa92db526c3 (1797591224419352577), 2c931163-6b07-43cb-b144-37619d5711cf (1797591224419352578), 9e3fa1d7-bd46-4ffb-95d2-4f4ec0cbc24f (1797591224419352579), d4d85568-900e-4162-8eab-5a6eca045bfd (1797591224420401152), 21f0b0c9-6b02-4235-8ac4-d9b198082ead (1797591224420401153), 54bc51f4-b82f-4448-a3c9-53beef716d77 (1797591224420401154), 2945a81f-1073-4060-8ac1-1a73aac78762 (1797591224421449728), 028e4fe6-7fc8-4370-a775-8dc2609906d6 (1797591224422498304), ... (1476 adds)]} 0 372
2024-04-28 15:03:06.407 INFO  (qtp1789452565-55) [   x:presse] o.a.s.u.DirectUpdateHandler2 start commit{_version_=1797591228908306432,optimize=false,openSearcher=true,waitSearcher=true,expungeDeletes=false,softCommit=false,prepareCommit=false}
2024-04-28 15:03:06.407 INFO  (qtp1789452565-55) [   x:presse] o.a.s.u.SolrIndexWriter Calling setCommitData with IW:org.apache.solr.update.SolrIndexWriter@5ba30378 commitCommandVersion:1797591228908306432
2024-04-28 15:03:06.530 INFO  (qtp1789452565-55) [   x:presse] o.a.s.s.SolrIndexSearcher Opening [Searcher@2296c2e0[presse] main]
2024-04-28 15:03:06.531 INFO  (searcherExecutor-23-thread-1-processing-x:presse) [   x:presse] o.a.s.c.QuerySenderListener QuerySenderListener sending requests to Searcher@2296c2e0[presse] main{ExitableDirectoryReader(UninvertingDirectoryReader(Uninverting(_g(8.3.0):C1476:[diagnostics={os=Linux, java.vendor=Ubuntu, java.version=11.0.22, java.vm.version=11.0.22+7-post-Ubuntu-0ubuntu222.04.1, lucene.version=8.3.0, os.arch=amd64, java.runtime.version=11.0.22+7-post-Ubuntu-0ubuntu222.04.1, source=flush, os.version=6.5.0-28-generic, timestamp=1714316586486}]:[attributes={Lucene50StoredFieldsFormat.mode=BEST_SPEED}])))}
2024-04-28 15:03:06.531 INFO  (searcherExecutor-23-thread-1-processing-x:presse) [   x:presse] o.a.s.c.QuerySenderListener QuerySenderListener done.
2024-04-28 15:03:06.532 INFO  (searcherExecutor-23-thread-1-processing-x:presse) [   x:presse] o.a.s.c.SolrCore [presse] Registered new searcher Searcher@2296c2e0[presse] main{ExitableDirectoryReader(UninvertingDirectoryReader(Uninverting(_g(8.3.0):C1476:[diagnostics={os=Linux, java.vendor=Ubuntu, java.version=11.0.22, java.vm.version=11.0.22+7-post-Ubuntu-0ubuntu222.04.1, lucene.version=8.3.0, os.arch=amd64, java.runtime.version=11.0.22+7-post-Ubuntu-0ubuntu222.04.1, source=flush, os.version=6.5.0-28-generic, timestamp=1714316586486}]:[attributes={Lucene50StoredFieldsFormat.mode=BEST_SPEED}])))}
2024-04-28 15:03:06.533 INFO  (qtp1789452565-55) [   x:presse] o.a.s.u.DirectUpdateHandler2 end_commit_flush
2024-04-28 15:03:06.533 INFO  (qtp1789452565-55) [   x:presse] o.a.s.u.p.LogUpdateProcessorFactory [presse]  webapp=/solr path=/update params={commit=true}{commit=} 0 126
2024-04-28 15:03:18.960 INFO  (qtp1789452565-51) [   x:presse] o.a.s.c.S.Request [presse]  webapp=/solr path=/browse params={} hits=1476 status=0 QTime=6
2024-04-28 15:03:18.960 INFO  (qtp1789452565-51) [   x:presse] o.a.s.c.PluginBag Going to create a new queryResponseWriter with {type = queryResponseWriter,name = velocity,class = solr.VelocityResponseWriter,attributes = {startup=lazy, name=velocity, class=solr.VelocityResponseWriter},args = {template.base.dir=,solr.resource.loader.enabled=true,params.resource.loader.enabled=false}} 
2024-04-28 15:03:19.632 INFO  (qtp1789452565-46) [   x:presse] o.a.s.c.S.Request [presse]  webapp=/solr path=/browse params={} hits=1476 status=0 QTime=7
2024-04-28 15:03:21.692 INFO  (qtp1789452565-51) [   x:presse] o.a.s.c.S.Request [presse]  webapp=/solr path=/browse params={} hits=1476 status=0 QTime=5
2024-04-28 15:04:18.890 INFO  (qtp1789452565-46) [   ] o.a.s.s.HttpSolrCall [admin] webapp=null path=/admin/cores params={indexInfo=false&wt=json&_=1714316658850} status=0 QTime=0
2024-04-28 15:04:18.896 INFO  (qtp1789452565-45) [   ] o.a.s.s.HttpSolrCall [admin] webapp=null path=/admin/info/system params={wt=json&_=1714316658850} status=0 QTime=6
2024-04-28 15:04:18.907 INFO  (qtp1789452565-51) [   ] o.a.s.s.HttpSolrCall [admin] webapp=null path=/admin/info/system params={wt=json&_=1714316658850} status=0 QTime=8
2024-04-28 15:06:14.700 INFO  (qtp1789452565-45) [   x:presse] o.a.s.c.SolrResourceLoader Written confile configoverlay.json
2024-04-28 15:06:14.708 INFO  (qtp1789452565-45) [   x:presse] o.a.s.c.SolrResourceLoader [presse] Added 61 libs to classloader, from paths: [/home/charlotte/Bureau/projet_TAL_RI/projet_TAL/partie_2_RI/solr/contrib/clustering/lib, /home/charlotte/Bureau/projet_TAL_RI/projet_TAL/partie_2_RI/solr/contrib/extraction/lib, /home/charlotte/Bureau/projet_TAL_RI/projet_TAL/partie_2_RI/solr/contrib/langid/lib, /home/charlotte/Bureau/projet_TAL_RI/projet_TAL/partie_2_RI/solr/contrib/velocity/lib, /home/charlotte/Bureau/projet_TAL_RI/projet_TAL/partie_2_RI/solr/dist]
2024-04-28 15:06:14.715 INFO  (qtp1789452565-45) [   x:presse] o.a.s.c.SolrConfig Using Lucene MatchVersion: 8.3.0
2024-04-28 15:06:14.731 INFO  (qtp1789452565-45) [   x:presse] o.a.s.s.IndexSchema [presse] Schema name=default-config
2024-04-28 15:06:14.784 INFO  (qtp1789452565-45) [   x:presse] o.a.s.s.IndexSchema Loaded schema default-config/1.6 with uniqueid field id
2024-04-28 15:06:14.791 INFO  (qtp1789452565-45) [   x:presse] o.a.s.c.CoreContainer Reloading SolrCore 'presse' using configuration from instancedir /home/charlotte/Bureau/projet_TAL_RI/projet_TAL/partie_2_RI/solr/server/solr/presse
2024-04-28 15:06:14.802 INFO  (qtp1789452565-45) [   x:presse] o.a.s.m.r.SolrJmxReporter JMX monitoring for 'solr.core.presse' (registry 'solr.core.presse') enabled at server: com.sun.jmx.mbeanserver.JmxMBeanServer@771a660
2024-04-28 15:06:14.803 INFO  (qtp1789452565-45) [   x:presse] o.a.s.c.SolrCore [[presse] ] Opening new SolrCore at [/home/charlotte/Bureau/projet_TAL_RI/projet_TAL/partie_2_RI/solr/server/solr/presse], dataDir=[/home/charlotte/Bureau/projet_TAL_RI/projet_TAL/partie_2_RI/solr/server/solr/presse/data/]
2024-04-28 15:06:14.805 INFO  (qtp1789452565-45) [   x:presse] o.a.s.r.XSLTResponseWriter xsltCacheLifetimeSeconds=5
2024-04-28 15:06:14.841 INFO  (qtp1789452565-45) [   x:presse] o.a.s.u.CommitTracker Hard AutoCommit: if uncommitted for 15000ms; 
2024-04-28 15:06:14.841 INFO  (qtp1789452565-45) [   x:presse] o.a.s.u.CommitTracker Soft AutoCommit: disabled
2024-04-28 15:06:14.843 INFO  (qtp1789452565-45) [   x:presse] o.a.s.s.SolrIndexSearcher Opening [Searcher@3fe0293e[presse] main]
2024-04-28 15:06:14.843 INFO  (qtp1789452565-45) [   x:presse] o.a.s.r.ManagedResourceStorage File-based storage initialized to use dir: /home/charlotte/Bureau/projet_TAL_RI/projet_TAL/partie_2_RI/solr/server/solr/presse/conf
2024-04-28 15:06:14.843 INFO  (qtp1789452565-45) [   x:presse] o.a.s.h.c.SpellCheckComponent Initializing spell checkers
2024-04-28 15:06:14.843 INFO  (qtp1789452565-45) [   x:presse] o.a.s.s.DirectSolrSpellChecker init: {name=default,field=_text_,classname=solr.DirectSolrSpellChecker,distanceMeasure=internal,accuracy=0.5,maxEdits=2,minPrefix=1,maxInspections=5,minQueryLength=4,maxQueryFrequency=0.01}
2024-04-28 15:06:14.844 INFO  (qtp1789452565-45) [   x:presse] o.a.s.h.ReplicationHandler Commits will be reserved for 10000ms.
2024-04-28 15:06:14.846 INFO  (searcherExecutor-27-thread-1-processing-x:presse) [   x:presse] o.a.s.c.QuerySenderListener QuerySenderListener sending requests to Searcher@3fe0293e[presse] main{ExitableDirectoryReader(UninvertingDirectoryReader(Uninverting(_g(8.3.0):C1476:[diagnostics={os=Linux, java.vendor=Ubuntu, java.version=11.0.22, java.vm.version=11.0.22+7-post-Ubuntu-0ubuntu222.04.1, lucene.version=8.3.0, os.arch=amd64, java.runtime.version=11.0.22+7-post-Ubuntu-0ubuntu222.04.1, source=flush, os.version=6.5.0-28-generic, timestamp=1714316586486}]:[attributes={Lucene50StoredFieldsFormat.mode=BEST_SPEED}])))}
2024-04-28 15:06:14.846 INFO  (searcherExecutor-27-thread-1-processing-x:presse) [   x:presse] o.a.s.c.QuerySenderListener QuerySenderListener done.
2024-04-28 15:06:14.846 INFO  (searcherExecutor-27-thread-1-processing-x:presse) [   x:presse] o.a.s.h.c.SpellCheckComponent Loading spell index for spellchecker: default
2024-04-28 15:06:14.848 INFO  (searcherExecutor-27-thread-1-processing-x:presse) [   x:presse] o.a.s.c.SolrCore [presse] Registered new searcher Searcher@3fe0293e[presse] main{ExitableDirectoryReader(UninvertingDirectoryReader(Uninverting(_g(8.3.0):C1476:[diagnostics={os=Linux, java.vendor=Ubuntu, java.version=11.0.22, java.vm.version=11.0.22+7-post-Ubuntu-0ubuntu222.04.1, lucene.version=8.3.0, os.arch=amd64, java.runtime.version=11.0.22+7-post-Ubuntu-0ubuntu222.04.1, source=flush, os.version=6.5.0-28-generic, timestamp=1714316586486}]:[attributes={Lucene50StoredFieldsFormat.mode=BEST_SPEED}])))}
2024-04-28 15:06:14.849 INFO  (qtp1789452565-45) [   x:presse] o.a.s.u.DefaultSolrCoreState New IndexWriter is ready to be used.
2024-04-28 15:06:14.852 INFO  (qtp1789452565-45) [   x:presse] o.a.s.s.SolrIndexSearcher Opening [Searcher@3a6bb1eb[presse] main]
2024-04-28 15:06:14.852 INFO  (searcherExecutor-27-thread-1-processing-x:presse) [   x:presse] o.a.s.c.QuerySenderListener QuerySenderListener sending requests to Searcher@3a6bb1eb[presse] main{ExitableDirectoryReader(UninvertingDirectoryReader(Uninverting(_g(8.3.0):C1476:[diagnostics={java.vendor=Ubuntu, os=Linux, java.version=11.0.22, java.vm.version=11.0.22+7-post-Ubuntu-0ubuntu222.04.1, lucene.version=8.3.0, os.arch=amd64, java.runtime.version=11.0.22+7-post-Ubuntu-0ubuntu222.04.1, source=flush, os.version=6.5.0-28-generic, timestamp=1714316586486}]:[attributes={Lucene50StoredFieldsFormat.mode=BEST_SPEED}])))}
2024-04-28 15:06:14.852 INFO  (qtp1789452565-45) [   x:presse] o.a.s.h.SolrConfigHandler Executed config commands successfully and persited to File System [{"set-property":{"requestDispatcher.requestParsers.enableRemoteStreaming":true}}, {"set-property":{"requestDispatcher.requestParsers.enableStreamBody":true}}]
2024-04-28 15:06:14.852 INFO  (searcherExecutor-27-thread-1-processing-x:presse) [   x:presse] o.a.s.c.QuerySenderListener QuerySenderListener done.
2024-04-28 15:06:14.853 INFO  (qtp1789452565-45) [   x:presse] o.a.s.c.SolrCore [presse]  CLOSING SolrCore org.apache.solr.core.SolrCore@c6e3a83
2024-04-28 15:06:14.853 INFO  (qtp1789452565-45) [   x:presse] o.a.s.m.SolrMetricManager Closing metric reporters for registry=solr.core.presse, tag=SolrCore@c6e3a83
2024-04-28 15:06:14.853 INFO  (qtp1789452565-45) [   x:presse] o.a.s.m.r.SolrJmxReporter Closing reporter [org.apache.solr.metrics.reporters.SolrJmxReporter@1b77893: rootName = null, domain = solr.core.presse, service url = null, agent id = null] for registry solr.core.presse / com.codahale.metrics.MetricRegistry@6ce4c4ca
2024-04-28 15:06:14.854 INFO  (searcherExecutor-27-thread-1-processing-x:presse) [   x:presse] o.a.s.c.SolrCore [presse] Registered new searcher Searcher@3a6bb1eb[presse] main{ExitableDirectoryReader(UninvertingDirectoryReader(Uninverting(_g(8.3.0):C1476:[diagnostics={java.vendor=Ubuntu, os=Linux, java.version=11.0.22, java.vm.version=11.0.22+7-post-Ubuntu-0ubuntu222.04.1, lucene.version=8.3.0, os.arch=amd64, java.runtime.version=11.0.22+7-post-Ubuntu-0ubuntu222.04.1, source=flush, os.version=6.5.0-28-generic, timestamp=1714316586486}]:[attributes={Lucene50StoredFieldsFormat.mode=BEST_SPEED}])))}
2024-04-28 15:06:17.479 INFO  (qtp1789452565-54) [   x:presse] o.a.s.s.SolrIndexSearcher Opening [Searcher@772e81d5[presse] realtime]
2024-04-28 15:06:17.479 INFO  (qtp1789452565-54) [   x:presse] o.a.s.u.p.LogUpdateProcessorFactory [presse]  webapp=/solr path=/update params={stream.body=<delete><query>*:*</query></delete>}{deleteByQuery=*:* (-1797591429257625600)} 0 4
2024-04-28 15:06:17.486 INFO  (qtp1789452565-24) [   x:presse] o.a.s.u.DirectUpdateHandler2 start commit{_version_=1797591429269159936,optimize=false,openSearcher=true,waitSearcher=true,expungeDeletes=false,softCommit=false,prepareCommit=false}
2024-04-28 15:06:17.486 INFO  (qtp1789452565-24) [   x:presse] o.a.s.u.SolrIndexWriter Calling setCommitData with IW:org.apache.solr.update.SolrIndexWriter@1af84066 commitCommandVersion:1797591429269159936
2024-04-28 15:06:17.493 INFO  (qtp1789452565-24) [   x:presse] o.a.s.s.SolrIndexSearcher Opening [Searcher@7dd6b32c[presse] main]
2024-04-28 15:06:17.493 INFO  (searcherExecutor-27-thread-1-processing-x:presse) [   x:presse] o.a.s.c.QuerySenderListener QuerySenderListener sending requests to Searcher@7dd6b32c[presse] main{ExitableDirectoryReader(UninvertingDirectoryReader())}
2024-04-28 15:06:17.494 INFO  (searcherExecutor-27-thread-1-processing-x:presse) [   x:presse] o.a.s.c.QuerySenderListener QuerySenderListener done.
2024-04-28 15:06:17.494 INFO  (qtp1789452565-24) [   x:presse] o.a.s.u.DirectUpdateHandler2 end_commit_flush
2024-04-28 15:06:17.495 INFO  (searcherExecutor-27-thread-1-processing-x:presse) [   x:presse] o.a.s.c.SolrCore [presse] Registered new searcher Searcher@7dd6b32c[presse] main{ExitableDirectoryReader(UninvertingDirectoryReader())}
2024-04-28 15:06:17.497 INFO  (qtp1789452565-24) [   x:presse] o.a.s.u.p.LogUpdateProcessorFactory [presse]  webapp=/solr path=/update params={commit=true}{commit=} 0 11
2024-04-28 15:06:20.331 INFO  (qtp1789452565-48) [   x:presse] o.a.s.u.p.LogUpdateProcessorFactory [presse]  webapp=/solr path=/update params={}{add=[a0dab7cb-937b-424e-84a8-e604dd96f00d (1797591431868579840), 273364a7-9c1e-415d-a83b-7caa66da5921 (1797591431869628416), aa91ded4-8c6f-44d1-9da5-65bc222c0f69 (1797591431870676992), 6b48e493-42c4-41e8-81c7-7a95b5fa931f (1797591431870676993), 536d3c11-5df5-4f36-a2c7-d8e42b57ee49 (1797591431870676994), 79727499-4710-4e19-a3e9-49bdb4fac723 (1797591431870676995), 31087a64-8e28-4f8e-bd99-c86c0b6d2b0a (1797591431870676996), cf478045-9df8-43d2-ab89-4d8565115338 (1797591431870676997), e4694b83-630a-468d-bbae-114301cadd2a (1797591431871725568), 5c91fb8b-98ef-44f0-8c0d-9f73c46682bb (1797591431871725569), ... (1476 adds)]} 0 366
2024-04-28 15:06:22.338 INFO  (qtp1789452565-49) [   x:presse] o.a.s.u.DirectUpdateHandler2 start commit{_version_=1797591434356850688,optimize=false,openSearcher=true,waitSearcher=true,expungeDeletes=false,softCommit=false,prepareCommit=false}
2024-04-28 15:06:22.339 INFO  (qtp1789452565-49) [   x:presse] o.a.s.u.SolrIndexWriter Calling setCommitData with IW:org.apache.solr.update.SolrIndexWriter@1af84066 commitCommandVersion:1797591434356850688
2024-04-28 15:06:22.451 INFO  (qtp1789452565-49) [   x:presse] o.a.s.s.SolrIndexSearcher Opening [Searcher@457edd8b[presse] main]
2024-04-28 15:06:22.451 INFO  (searcherExecutor-27-thread-1-processing-x:presse) [   x:presse] o.a.s.c.QuerySenderListener QuerySenderListener sending requests to Searcher@457edd8b[presse] main{ExitableDirectoryReader(UninvertingDirectoryReader(Uninverting(_h(8.3.0):C1476:[diagnostics={os=Linux, java.vendor=Ubuntu, java.version=11.0.22, java.vm.version=11.0.22+7-post-Ubuntu-0ubuntu222.04.1, lucene.version=8.3.0, os.arch=amd64, java.runtime.version=11.0.22+7-post-Ubuntu-0ubuntu222.04.1, source=flush, os.version=6.5.0-28-generic, timestamp=1714316782412}]:[attributes={Lucene50StoredFieldsFormat.mode=BEST_SPEED}])))}
2024-04-28 15:06:22.452 INFO  (searcherExecutor-27-thread-1-processing-x:presse) [   x:presse] o.a.s.c.QuerySenderListener QuerySenderListener done.
2024-04-28 15:06:22.452 INFO  (qtp1789452565-49) [   x:presse] o.a.s.u.DirectUpdateHandler2 end_commit_flush
2024-04-28 15:06:22.452 INFO  (searcherExecutor-27-thread-1-processing-x:presse) [   x:presse] o.a.s.c.SolrCore [presse] Registered new searcher Searcher@457edd8b[presse] main{ExitableDirectoryReader(UninvertingDirectoryReader(Uninverting(_h(8.3.0):C1476:[diagnostics={os=Linux, java.vendor=Ubuntu, java.version=11.0.22, java.vm.version=11.0.22+7-post-Ubuntu-0ubuntu222.04.1, lucene.version=8.3.0, os.arch=amd64, java.runtime.version=11.0.22+7-post-Ubuntu-0ubuntu222.04.1, source=flush, os.version=6.5.0-28-generic, timestamp=1714316782412}]:[attributes={Lucene50StoredFieldsFormat.mode=BEST_SPEED}])))}
2024-04-28 15:06:22.453 INFO  (qtp1789452565-49) [   x:presse] o.a.s.u.p.LogUpdateProcessorFactory [presse]  webapp=/solr path=/update params={commit=true}{commit=} 0 114
2024-04-28 15:06:24.645 INFO  (qtp1789452565-31) [   x:presse] o.a.s.c.S.Request [presse]  webapp=/solr path=/browse params={} hits=1476 status=0 QTime=8
2024-04-28 15:06:24.645 INFO  (qtp1789452565-31) [   x:presse] o.a.s.c.PluginBag Going to create a new queryResponseWriter with {type = queryResponseWriter,name = velocity,class = solr.VelocityResponseWriter,attributes = {startup=lazy, name=velocity, class=solr.VelocityResponseWriter},args = {template.base.dir=,solr.resource.loader.enabled=true,params.resource.loader.enabled=false}} 
2024-04-28 15:08:18.275 INFO  (qtp1789452565-66) [   x:presse] o.a.s.c.S.Request [presse]  webapp=/solr path=/browse params={q=&fq=category_str:"business"} hits=350 status=0 QTime=8
2024-04-28 15:08:18.287 ERROR (qtp1789452565-66) [   x:presse] o.a.v.rendering Left side ($p.size()) of comparison operation has null value at _macros.vm[line 24, column 58]
2024-04-28 15:08:18.289 ERROR (qtp1789452565-66) [   x:presse] o.a.v.rendering Left side ($velocityCount) of comparison operation has null value at _macros.vm[line 11, column 53]
2024-04-28 15:08:18.304 ERROR (qtp1789452565-66) [   x:presse] o.a.v.rendering Left side ($velocityCount) of comparison operation has null value at _macros.vm[line 11, column 53]
2024-04-28 15:08:18.306 ERROR (qtp1789452565-66) [   x:presse] o.a.v.rendering Left side ($velocityCount) of comparison operation has null value at _macros.vm[line 11, column 53]
2024-04-28 15:08:18.306 ERROR (qtp1789452565-66) [   x:presse] o.a.v.rendering Left side ($velocityCount) of comparison operation has null value at _macros.vm[line 11, column 53]
2024-04-28 15:14:12.268 INFO  (qtp1789452565-68) [   x:presse] o.a.s.c.SolrResourceLoader Written confile configoverlay.json
2024-04-28 15:14:12.276 INFO  (qtp1789452565-68) [   x:presse] o.a.s.c.SolrResourceLoader [presse] Added 61 libs to classloader, from paths: [/home/charlotte/Bureau/projet_TAL_RI/projet_TAL/partie_2_RI/solr/contrib/clustering/lib, /home/charlotte/Bureau/projet_TAL_RI/projet_TAL/partie_2_RI/solr/contrib/extraction/lib, /home/charlotte/Bureau/projet_TAL_RI/projet_TAL/partie_2_RI/solr/contrib/langid/lib, /home/charlotte/Bureau/projet_TAL_RI/projet_TAL/partie_2_RI/solr/contrib/velocity/lib, /home/charlotte/Bureau/projet_TAL_RI/projet_TAL/partie_2_RI/solr/dist]
2024-04-28 15:14:12.284 INFO  (qtp1789452565-68) [   x:presse] o.a.s.c.SolrConfig Using Lucene MatchVersion: 8.3.0
2024-04-28 15:14:12.307 INFO  (qtp1789452565-68) [   x:presse] o.a.s.s.IndexSchema [presse] Schema name=default-config
2024-04-28 15:14:12.343 INFO  (qtp1789452565-68) [   x:presse] o.a.s.s.IndexSchema Loaded schema default-config/1.6 with uniqueid field id
2024-04-28 15:14:12.349 INFO  (qtp1789452565-68) [   x:presse] o.a.s.c.CoreContainer Reloading SolrCore 'presse' using configuration from instancedir /home/charlotte/Bureau/projet_TAL_RI/projet_TAL/partie_2_RI/solr/server/solr/presse
2024-04-28 15:14:12.355 INFO  (qtp1789452565-68) [   x:presse] o.a.s.m.r.SolrJmxReporter JMX monitoring for 'solr.core.presse' (registry 'solr.core.presse') enabled at server: com.sun.jmx.mbeanserver.JmxMBeanServer@771a660
2024-04-28 15:14:12.355 INFO  (qtp1789452565-68) [   x:presse] o.a.s.c.SolrCore [[presse] ] Opening new SolrCore at [/home/charlotte/Bureau/projet_TAL_RI/projet_TAL/partie_2_RI/solr/server/solr/presse], dataDir=[/home/charlotte/Bureau/projet_TAL_RI/projet_TAL/partie_2_RI/solr/server/solr/presse/data/]
2024-04-28 15:14:12.356 INFO  (qtp1789452565-68) [   x:presse] o.a.s.r.XSLTResponseWriter xsltCacheLifetimeSeconds=5
2024-04-28 15:14:12.374 INFO  (qtp1789452565-68) [   x:presse] o.a.s.u.CommitTracker Hard AutoCommit: if uncommitted for 15000ms; 
2024-04-28 15:14:12.374 INFO  (qtp1789452565-68) [   x:presse] o.a.s.u.CommitTracker Soft AutoCommit: disabled
2024-04-28 15:14:12.376 INFO  (qtp1789452565-68) [   x:presse] o.a.s.s.SolrIndexSearcher Opening [Searcher@283059e4[presse] main]
2024-04-28 15:14:12.376 INFO  (qtp1789452565-68) [   x:presse] o.a.s.r.ManagedResourceStorage File-based storage initialized to use dir: /home/charlotte/Bureau/projet_TAL_RI/projet_TAL/partie_2_RI/solr/server/solr/presse/conf
2024-04-28 15:14:12.376 INFO  (qtp1789452565-68) [   x:presse] o.a.s.h.c.SpellCheckComponent Initializing spell checkers
2024-04-28 15:14:12.376 INFO  (qtp1789452565-68) [   x:presse] o.a.s.s.DirectSolrSpellChecker init: {name=default,field=_text_,classname=solr.DirectSolrSpellChecker,distanceMeasure=internal,accuracy=0.5,maxEdits=2,minPrefix=1,maxInspections=5,minQueryLength=4,maxQueryFrequency=0.01}
2024-04-28 15:14:12.376 INFO  (qtp1789452565-68) [   x:presse] o.a.s.h.ReplicationHandler Commits will be reserved for 10000ms.
2024-04-28 15:14:12.378 INFO  (searcherExecutor-31-thread-1-processing-x:presse) [   x:presse] o.a.s.c.QuerySenderListener QuerySenderListener sending requests to Searcher@283059e4[presse] main{ExitableDirectoryReader(UninvertingDirectoryReader(Uninverting(_h(8.3.0):C1476:[diagnostics={os=Linux, java.vendor=Ubuntu, java.version=11.0.22, java.vm.version=11.0.22+7-post-Ubuntu-0ubuntu222.04.1, lucene.version=8.3.0, os.arch=amd64, java.runtime.version=11.0.22+7-post-Ubuntu-0ubuntu222.04.1, source=flush, os.version=6.5.0-28-generic, timestamp=1714316782412}]:[attributes={Lucene50StoredFieldsFormat.mode=BEST_SPEED}])))}
2024-04-28 15:14:12.378 INFO  (searcherExecutor-31-thread-1-processing-x:presse) [   x:presse] o.a.s.c.QuerySenderListener QuerySenderListener done.
2024-04-28 15:14:12.378 INFO  (searcherExecutor-31-thread-1-processing-x:presse) [   x:presse] o.a.s.h.c.SpellCheckComponent Loading spell index for spellchecker: default
2024-04-28 15:14:12.379 INFO  (searcherExecutor-31-thread-1-processing-x:presse) [   x:presse] o.a.s.c.SolrCore [presse] Registered new searcher Searcher@283059e4[presse] main{ExitableDirectoryReader(UninvertingDirectoryReader(Uninverting(_h(8.3.0):C1476:[diagnostics={os=Linux, java.vendor=Ubuntu, java.version=11.0.22, java.vm.version=11.0.22+7-post-Ubuntu-0ubuntu222.04.1, lucene.version=8.3.0, os.arch=amd64, java.runtime.version=11.0.22+7-post-Ubuntu-0ubuntu222.04.1, source=flush, os.version=6.5.0-28-generic, timestamp=1714316782412}]:[attributes={Lucene50StoredFieldsFormat.mode=BEST_SPEED}])))}
2024-04-28 15:14:12.380 INFO  (qtp1789452565-68) [   x:presse] o.a.s.u.DefaultSolrCoreState New IndexWriter is ready to be used.
2024-04-28 15:14:12.381 INFO  (qtp1789452565-68) [   x:presse] o.a.s.s.SolrIndexSearcher Opening [Searcher@6332d8fd[presse] main]
2024-04-28 15:14:12.381 INFO  (qtp1789452565-68) [   x:presse] o.a.s.h.SolrConfigHandler Executed config commands successfully and persited to File System [{"set-property":{"requestDispatcher.requestParsers.enableRemoteStreaming":true}}, {"set-property":{"requestDispatcher.requestParsers.enableStreamBody":true}}]
2024-04-28 15:14:12.381 INFO  (searcherExecutor-31-thread-1-processing-x:presse) [   x:presse] o.a.s.c.QuerySenderListener QuerySenderListener sending requests to Searcher@6332d8fd[presse] main{ExitableDirectoryReader(UninvertingDirectoryReader(Uninverting(_h(8.3.0):C1476:[diagnostics={java.vendor=Ubuntu, os=Linux, java.version=11.0.22, java.vm.version=11.0.22+7-post-Ubuntu-0ubuntu222.04.1, lucene.version=8.3.0, os.arch=amd64, java.runtime.version=11.0.22+7-post-Ubuntu-0ubuntu222.04.1, source=flush, os.version=6.5.0-28-generic, timestamp=1714316782412}]:[attributes={Lucene50StoredFieldsFormat.mode=BEST_SPEED}])))}
2024-04-28 15:14:12.381 INFO  (searcherExecutor-31-thread-1-processing-x:presse) [   x:presse] o.a.s.c.QuerySenderListener QuerySenderListener done.
2024-04-28 15:14:12.381 INFO  (qtp1789452565-68) [   x:presse] o.a.s.c.SolrCore [presse]  CLOSING SolrCore org.apache.solr.core.SolrCore@6ced0b5e
2024-04-28 15:14:12.381 INFO  (qtp1789452565-68) [   x:presse] o.a.s.m.SolrMetricManager Closing metric reporters for registry=solr.core.presse, tag=SolrCore@6ced0b5e
2024-04-28 15:14:12.381 INFO  (qtp1789452565-68) [   x:presse] o.a.s.m.r.SolrJmxReporter Closing reporter [org.apache.solr.metrics.reporters.SolrJmxReporter@12c9747e: rootName = null, domain = solr.core.presse, service url = null, agent id = null] for registry solr.core.presse / com.codahale.metrics.MetricRegistry@6ce4c4ca
2024-04-28 15:14:12.382 INFO  (searcherExecutor-31-thread-1-processing-x:presse) [   x:presse] o.a.s.c.SolrCore [presse] Registered new searcher Searcher@6332d8fd[presse] main{ExitableDirectoryReader(UninvertingDirectoryReader(Uninverting(_h(8.3.0):C1476:[diagnostics={java.vendor=Ubuntu, os=Linux, java.version=11.0.22, java.vm.version=11.0.22+7-post-Ubuntu-0ubuntu222.04.1, lucene.version=8.3.0, os.arch=amd64, java.runtime.version=11.0.22+7-post-Ubuntu-0ubuntu222.04.1, source=flush, os.version=6.5.0-28-generic, timestamp=1714316782412}]:[attributes={Lucene50StoredFieldsFormat.mode=BEST_SPEED}])))}
2024-04-28 15:14:16.199 INFO  (qtp1789452565-54) [   x:presse] o.a.s.s.SolrIndexSearcher Opening [Searcher@1a3e7040[presse] realtime]
2024-04-28 15:14:16.200 INFO  (qtp1789452565-54) [   x:presse] o.a.s.u.p.LogUpdateProcessorFactory [presse]  webapp=/solr path=/update params={stream.body=<delete><query>*:*</query></delete>}{deleteByQuery=*:* (-1797591931231928320)} 0 5
2024-04-28 15:14:16.208 INFO  (qtp1789452565-24) [   x:presse] o.a.s.u.DirectUpdateHandler2 start commit{_version_=1797591931245559808,optimize=false,openSearcher=true,waitSearcher=true,expungeDeletes=false,softCommit=false,prepareCommit=false}
2024-04-28 15:14:16.209 INFO  (qtp1789452565-24) [   x:presse] o.a.s.u.SolrIndexWriter Calling setCommitData with IW:org.apache.solr.update.SolrIndexWriter@7fe90100 commitCommandVersion:1797591931245559808
2024-04-28 15:14:16.215 INFO  (qtp1789452565-24) [   x:presse] o.a.s.s.SolrIndexSearcher Opening [Searcher@5c0d6895[presse] main]
2024-04-28 15:14:16.215 INFO  (searcherExecutor-31-thread-1-processing-x:presse) [   x:presse] o.a.s.c.QuerySenderListener QuerySenderListener sending requests to Searcher@5c0d6895[presse] main{ExitableDirectoryReader(UninvertingDirectoryReader())}
2024-04-28 15:14:16.215 INFO  (searcherExecutor-31-thread-1-processing-x:presse) [   x:presse] o.a.s.c.QuerySenderListener QuerySenderListener done.
2024-04-28 15:14:16.216 INFO  (qtp1789452565-24) [   x:presse] o.a.s.u.DirectUpdateHandler2 end_commit_flush
2024-04-28 15:14:16.216 INFO  (searcherExecutor-31-thread-1-processing-x:presse) [   x:presse] o.a.s.c.SolrCore [presse] Registered new searcher Searcher@5c0d6895[presse] main{ExitableDirectoryReader(UninvertingDirectoryReader())}
2024-04-28 15:14:16.218 INFO  (qtp1789452565-24) [   x:presse] o.a.s.u.p.LogUpdateProcessorFactory [presse]  webapp=/solr path=/update params={commit=true}{commit=} 0 9
2024-04-28 15:14:19.924 INFO  (qtp1789452565-48) [   x:presse] o.a.s.u.p.LogUpdateProcessorFactory [presse]  webapp=/solr path=/update params={}{add=[06a56336-a1f2-4a1f-9bff-ba7a528c21b0 (1797591934758289408), 92eb8ddc-e1e3-44dc-8364-740a20f13b74 (1797591934760386560), f8c8f1bd-d4b4-4e64-8e79-76ef6b044afc (1797591934760386561), 46029799-0523-44cb-8565-21c863c4901a (1797591934760386562), 8c5a8ed7-79f5-492c-b8e0-71a4ef552c24 (1797591934760386563), 3e260bad-6ae7-4d08-a325-805ee539d7b0 (1797591934760386564), 5b563f1f-5327-4000-abb5-9c727fa143a0 (1797591934761435136), e7bff597-aab2-4f81-8d48-6b0eb4b818b4 (1797591934761435137), b5919e5f-bcb9-4f00-89f4-7f0628ffd650 (1797591934761435138), 7876dc33-ca20-434f-9dee-3234d35ffe55 (1797591934761435139), ... (1476 adds)]} 0 366
2024-04-28 15:14:23.014 INFO  (qtp1789452565-49) [   x:presse] o.a.s.u.DirectUpdateHandler2 start commit{_version_=1797591938382168064,optimize=false,openSearcher=true,waitSearcher=true,expungeDeletes=false,softCommit=false,prepareCommit=false}
2024-04-28 15:14:23.014 INFO  (qtp1789452565-49) [   x:presse] o.a.s.u.SolrIndexWriter Calling setCommitData with IW:org.apache.solr.update.SolrIndexWriter@7fe90100 commitCommandVersion:1797591938382168064
2024-04-28 15:14:23.119 INFO  (qtp1789452565-49) [   x:presse] o.a.s.s.SolrIndexSearcher Opening [Searcher@e57a998[presse] main]
2024-04-28 15:14:23.121 INFO  (searcherExecutor-31-thread-1-processing-x:presse) [   x:presse] o.a.s.c.QuerySenderListener QuerySenderListener sending requests to Searcher@e57a998[presse] main{ExitableDirectoryReader(UninvertingDirectoryReader(Uninverting(_i(8.3.0):C1476:[diagnostics={os=Linux, java.vendor=Ubuntu, java.version=11.0.22, java.vm.version=11.0.22+7-post-Ubuntu-0ubuntu222.04.1, lucene.version=8.3.0, os.arch=amd64, java.runtime.version=11.0.22+7-post-Ubuntu-0ubuntu222.04.1, source=flush, os.version=6.5.0-28-generic, timestamp=1714317263078}]:[attributes={Lucene50StoredFieldsFormat.mode=BEST_SPEED}])))}
2024-04-28 15:14:23.121 INFO  (searcherExecutor-31-thread-1-processing-x:presse) [   x:presse] o.a.s.c.QuerySenderListener QuerySenderListener done.
2024-04-28 15:14:23.121 INFO  (searcherExecutor-31-thread-1-processing-x:presse) [   x:presse] o.a.s.c.SolrCore [presse] Registered new searcher Searcher@e57a998[presse] main{ExitableDirectoryReader(UninvertingDirectoryReader(Uninverting(_i(8.3.0):C1476:[diagnostics={os=Linux, java.vendor=Ubuntu, java.version=11.0.22, java.vm.version=11.0.22+7-post-Ubuntu-0ubuntu222.04.1, lucene.version=8.3.0, os.arch=amd64, java.runtime.version=11.0.22+7-post-Ubuntu-0ubuntu222.04.1, source=flush, os.version=6.5.0-28-generic, timestamp=1714317263078}]:[attributes={Lucene50StoredFieldsFormat.mode=BEST_SPEED}])))}
2024-04-28 15:14:23.121 INFO  (qtp1789452565-49) [   x:presse] o.a.s.u.DirectUpdateHandler2 end_commit_flush
2024-04-28 15:14:23.121 INFO  (qtp1789452565-49) [   x:presse] o.a.s.u.p.LogUpdateProcessorFactory [presse]  webapp=/solr path=/update params={commit=true}{commit=} 0 108
2024-04-28 15:14:28.431 INFO  (qtp1789452565-55) [   x:presse] o.a.s.c.S.Request [presse]  webapp=/solr path=/browse params={q=&fq=category_str:"business"} hits=350 status=0 QTime=14
2024-04-28 15:14:28.431 INFO  (qtp1789452565-55) [   x:presse] o.a.s.c.PluginBag Going to create a new queryResponseWriter with {type = queryResponseWriter,name = velocity,class = solr.VelocityResponseWriter,attributes = {startup=lazy, name=velocity, class=solr.VelocityResponseWriter},args = {template.base.dir=,solr.resource.loader.enabled=true,params.resource.loader.enabled=false}} 
2024-04-28 15:14:28.487 ERROR (qtp1789452565-55) [   x:presse] o.a.v.rendering Left side ($p.size()) of comparison operation has null value at _macros.vm[line 24, column 58]
2024-04-28 15:14:28.490 ERROR (qtp1789452565-55) [   x:presse] o.a.v.rendering Left side ($velocityCount) of comparison operation has null value at _macros.vm[line 11, column 53]
2024-04-28 15:14:28.510 ERROR (qtp1789452565-55) [   x:presse] o.a.v.rendering Left side ($velocityCount) of comparison operation has null value at _macros.vm[line 11, column 53]
2024-04-28 15:14:28.512 ERROR (qtp1789452565-55) [   x:presse] o.a.v.rendering Left side ($velocityCount) of comparison operation has null value at _macros.vm[line 11, column 53]
2024-04-28 15:14:28.512 ERROR (qtp1789452565-55) [   x:presse] o.a.v.rendering Left side ($velocityCount) of comparison operation has null value at _macros.vm[line 11, column 53]
2024-04-28 15:14:30.444 INFO  (qtp1789452565-47) [   x:presse] o.a.s.c.S.Request [presse]  webapp=/solr path=/browse params={} hits=1476 status=0 QTime=7
2024-04-28 15:14:36.731 INFO  (qtp1789452565-55) [   x:presse] o.a.s.c.S.Request [presse]  webapp=/solr path=/browse params={q=chien} hits=30 status=0 QTime=17
2024-04-28 15:14:39.344 INFO  (qtp1789452565-47) [   x:presse] o.a.s.c.S.Request [presse]  webapp=/solr path=/browse params={q=chien&fq=category_str:"health"} hits=11 status=0 QTime=13
2024-04-28 15:14:39.354 ERROR (qtp1789452565-47) [   x:presse] o.a.v.rendering Left side ($p.size()) of comparison operation has null value at _macros.vm[line 24, column 58]
2024-04-28 15:14:39.355 ERROR (qtp1789452565-47) [   x:presse] o.a.v.rendering Left side ($velocityCount) of comparison operation has null value at _macros.vm[line 11, column 53]
2024-04-28 15:14:39.369 ERROR (qtp1789452565-47) [   x:presse] o.a.v.rendering Left side ($velocityCount) of comparison operation has null value at _macros.vm[line 11, column 53]
2024-04-28 15:14:39.371 ERROR (qtp1789452565-47) [   x:presse] o.a.v.rendering Left side ($velocityCount) of comparison operation has null value at _macros.vm[line 11, column 53]
2024-04-28 15:14:39.372 ERROR (qtp1789452565-47) [   x:presse] o.a.v.rendering Left side ($velocityCount) of comparison operation has null value at _macros.vm[line 11, column 53]
2024-04-28 15:14:50.126 INFO  (qtp1789452565-55) [   x:presse] o.a.s.c.S.Request [presse]  webapp=/solr path=/browse params={q=chien&start=10&fq=category_str:"health"} hits=11 status=0 QTime=7
2024-04-28 15:14:50.137 ERROR (qtp1789452565-55) [   x:presse] o.a.v.rendering Left side ($p.size()) of comparison operation has null value at _macros.vm[line 24, column 58]
2024-04-28 15:14:50.138 ERROR (qtp1789452565-55) [   x:presse] o.a.v.rendering Left side ($velocityCount) of comparison operation has null value at _macros.vm[line 11, column 53]
2024-04-28 15:14:50.140 ERROR (qtp1789452565-55) [   x:presse] o.a.v.rendering Left side ($velocityCount) of comparison operation has null value at _macros.vm[line 11, column 53]
2024-04-28 15:14:50.141 ERROR (qtp1789452565-55) [   x:presse] o.a.v.rendering Left side ($velocityCount) of comparison operation has null value at _macros.vm[line 11, column 53]
2024-04-28 15:14:50.141 ERROR (qtp1789452565-55) [   x:presse] o.a.v.rendering Left side ($velocityCount) of comparison operation has null value at _macros.vm[line 11, column 53]
2024-04-28 15:14:53.187 INFO  (qtp1789452565-47) [   x:presse] o.a.s.c.S.Request [presse]  webapp=/solr path=/browse params={q=chien&start=0&fq=category_str:"health"} hits=11 status=0 QTime=8
2024-04-28 15:14:53.196 ERROR (qtp1789452565-47) [   x:presse] o.a.v.rendering Left side ($p.size()) of comparison operation has null value at _macros.vm[line 24, column 58]
2024-04-28 15:14:53.198 ERROR (qtp1789452565-47) [   x:presse] o.a.v.rendering Left side ($velocityCount) of comparison operation has null value at _macros.vm[line 11, column 53]
2024-04-28 15:14:53.208 ERROR (qtp1789452565-47) [   x:presse] o.a.v.rendering Left side ($velocityCount) of comparison operation has null value at _macros.vm[line 11, column 53]
2024-04-28 15:14:53.209 ERROR (qtp1789452565-47) [   x:presse] o.a.v.rendering Left side ($velocityCount) of comparison operation has null value at _macros.vm[line 11, column 53]
2024-04-28 15:14:53.209 ERROR (qtp1789452565-47) [   x:presse] o.a.v.rendering Left side ($velocityCount) of comparison operation has null value at _macros.vm[line 11, column 53]
2024-04-28 15:14:54.371 INFO  (qtp1789452565-55) [   x:presse] o.a.s.c.S.Request [presse]  webapp=/solr path=/browse params={} hits=1476 status=0 QTime=5
